TN:
SF:src\index.ts
FN:62,(anonymous_1)
FN:93,(anonymous_2)
FN:113,(anonymous_3)
FN:166,startServer
FN:173,(anonymous_5)
FNF:5
FNH:3
FNDA:6,(anonymous_1)
FNDA:6,(anonymous_2)
FNDA:2,(anonymous_3)
FNDA:0,startServer
FNDA:0,(anonymous_5)
DA:1,2
DA:2,2
DA:3,2
DA:4,2
DA:5,2
DA:6,2
DA:7,2
DA:8,2
DA:9,2
DA:10,2
DA:11,2
DA:12,2
DA:13,2
DA:14,2
DA:15,2
DA:16,2
DA:17,2
DA:18,2
DA:19,2
DA:20,2
DA:21,2
DA:22,2
DA:23,2
DA:24,2
DA:25,2
DA:26,2
DA:27,2
DA:28,2
DA:29,2
DA:30,2
DA:31,2
DA:32,2
DA:33,2
DA:34,2
DA:35,2
DA:36,2
DA:37,2
DA:38,2
DA:39,2
DA:41,2
DA:42,2
DA:43,2
DA:44,2
DA:45,2
DA:46,2
DA:47,2
DA:48,2
DA:49,2
DA:51,2
DA:52,2
DA:54,2
DA:56,2
DA:63,6
DA:69,2
DA:76,2
DA:78,2
DA:79,2
DA:80,2
DA:83,2
DA:91,2
DA:95,6
DA:97,0
DA:98,0
DA:100,0
DA:107,2
DA:108,2
DA:111,2
DA:113,2
DA:114,2
DA:117,2
DA:118,2
DA:119,2
DA:120,2
DA:121,2
DA:122,2
DA:123,2
DA:124,2
DA:125,2
DA:126,2
DA:129,2
DA:130,2
DA:131,2
DA:132,2
DA:133,2
DA:134,2
DA:135,2
DA:136,2
DA:137,2
DA:139,2
DA:140,2
DA:141,2
DA:143,2
DA:144,2
DA:145,2
DA:146,2
DA:147,2
DA:148,2
DA:149,2
DA:151,2
DA:157,2
DA:158,2
DA:159,2
DA:161,2
DA:163,2
DA:167,0
DA:168,0
DA:171,0
DA:173,0
DA:174,0
DA:177,0
DA:178,0
DA:182,2
DA:183,0
DA:186,2
LF:114
LH:103
BRDA:63,0,0,6
BRDA:63,0,1,6
BRDA:95,1,0,6
BRDA:95,1,1,0
BRDA:97,2,0,0
BRDA:97,2,1,0
BRDA:97,3,0,0
BRDA:97,3,1,0
BRDA:182,4,0,0
BRDA:182,4,1,2
BRF:10
BRH:4
end_of_record
TN:
SF:src\config\initDatabase.ts
FN:1,(anonymous_0)
FNF:1
FNH:0
FNDA:0,(anonymous_0)
DA:1,2
DA:2,0
DA:8,0
DA:11,2
LF:4
LH:2
BRF:0
BRH:0
end_of_record
TN:
SF:src\config\moduleAlias.ts
FNF:0
FNH:0
DA:1,2
DA:2,2
DA:4,2
DA:6,2
LF:4
LH:4
BRF:0
BRH:0
end_of_record
TN:
SF:src\constants\config.ts
FNF:0
FNH:0
DA:1,4
DA:3,4
DA:5,4
LF:3
LH:3
BRDA:6,0,0,4
BRDA:6,0,1,0
BRF:2
BRH:1
end_of_record
TN:
SF:src\constants\enums.ts
FN:1,(anonymous_0)
FN:6,(anonymous_1)
FN:14,(anonymous_2)
FN:42,(anonymous_3)
FN:47,(anonymous_4)
FN:52,(anonymous_5)
FN:59,(anonymous_6)
FN:65,(anonymous_7)
FN:71,(anonymous_8)
FN:78,(anonymous_9)
FN:85,(anonymous_10)
FN:90,(anonymous_11)
FN:97,(anonymous_12)
FN:104,(anonymous_13)
FN:153,(anonymous_14)
FN:161,(anonymous_15)
FN:187,(anonymous_16)
FN:201,(anonymous_17)
FN:207,(anonymous_18)
FN:214,(anonymous_19)
FN:222,(anonymous_20)
FN:231,(anonymous_21)
FN:239,(anonymous_22)
FN:246,(anonymous_23)
FN:253,(anonymous_24)
FN:261,(anonymous_25)
FNF:26
FNH:26
FNDA:5,(anonymous_0)
FNDA:5,(anonymous_1)
FNDA:5,(anonymous_2)
FNDA:5,(anonymous_3)
FNDA:5,(anonymous_4)
FNDA:5,(anonymous_5)
FNDA:5,(anonymous_6)
FNDA:5,(anonymous_7)
FNDA:5,(anonymous_8)
FNDA:5,(anonymous_9)
FNDA:5,(anonymous_10)
FNDA:5,(anonymous_11)
FNDA:5,(anonymous_12)
FNDA:5,(anonymous_13)
FNDA:5,(anonymous_14)
FNDA:5,(anonymous_15)
FNDA:5,(anonymous_16)
FNDA:5,(anonymous_17)
FNDA:5,(anonymous_18)
FNDA:5,(anonymous_19)
FNDA:5,(anonymous_20)
FNDA:5,(anonymous_21)
FNDA:5,(anonymous_22)
FNDA:5,(anonymous_23)
FNDA:5,(anonymous_24)
FNDA:5,(anonymous_25)
DA:1,5
DA:2,5
DA:3,5
DA:6,5
DA:7,5
DA:8,5
DA:9,5
DA:10,5
DA:11,5
DA:14,5
DA:15,5
DA:16,5
DA:17,5
DA:18,5
DA:19,5
DA:20,5
DA:21,5
DA:22,5
DA:23,5
DA:24,5
DA:25,5
DA:26,5
DA:27,5
DA:28,5
DA:29,5
DA:30,5
DA:31,5
DA:32,5
DA:33,5
DA:34,5
DA:35,5
DA:36,5
DA:37,5
DA:38,5
DA:42,5
DA:43,5
DA:44,5
DA:47,5
DA:48,5
DA:49,5
DA:52,5
DA:53,5
DA:54,5
DA:55,5
DA:56,5
DA:59,5
DA:60,5
DA:61,5
DA:62,5
DA:65,5
DA:66,5
DA:67,5
DA:68,5
DA:69,5
DA:71,5
DA:72,5
DA:73,5
DA:74,5
DA:75,5
DA:78,5
DA:79,5
DA:80,5
DA:81,5
DA:82,5
DA:83,5
DA:85,5
DA:86,5
DA:87,5
DA:88,5
DA:90,5
DA:91,5
DA:92,5
DA:93,5
DA:94,5
DA:97,5
DA:98,5
DA:99,5
DA:100,5
DA:101,5
DA:104,5
DA:105,5
DA:106,5
DA:109,5
DA:116,5
DA:128,5
DA:145,5
DA:153,5
DA:154,5
DA:155,5
DA:156,5
DA:157,5
DA:158,5
DA:161,5
DA:162,5
DA:163,5
DA:164,5
DA:167,5
DA:187,5
DA:188,5
DA:189,5
DA:190,5
DA:191,5
DA:192,5
DA:193,5
DA:194,5
DA:195,5
DA:196,5
DA:197,5
DA:201,5
DA:202,5
DA:203,5
DA:204,5
DA:207,5
DA:208,5
DA:209,5
DA:210,5
DA:214,5
DA:215,5
DA:216,5
DA:217,5
DA:218,5
DA:222,5
DA:223,5
DA:224,5
DA:225,5
DA:226,5
DA:227,5
DA:231,5
DA:232,5
DA:233,5
DA:234,5
DA:235,5
DA:239,5
DA:240,5
DA:241,5
DA:242,5
DA:246,5
DA:247,5
DA:248,5
DA:249,5
DA:253,5
DA:254,5
DA:255,5
DA:256,5
DA:257,5
DA:261,5
DA:262,5
DA:263,5
DA:264,5
DA:268,5
DA:277,5
LF:151
LH:151
BRDA:1,0,0,5
BRDA:1,0,1,5
BRDA:6,1,0,5
BRDA:6,1,1,5
BRDA:14,2,0,5
BRDA:14,2,1,5
BRDA:42,3,0,5
BRDA:42,3,1,5
BRDA:47,4,0,5
BRDA:47,4,1,5
BRDA:52,5,0,5
BRDA:52,5,1,5
BRDA:59,6,0,5
BRDA:59,6,1,5
BRDA:65,7,0,5
BRDA:65,7,1,5
BRDA:71,8,0,5
BRDA:71,8,1,5
BRDA:78,9,0,5
BRDA:78,9,1,5
BRDA:85,10,0,5
BRDA:85,10,1,5
BRDA:90,11,0,5
BRDA:90,11,1,5
BRDA:97,12,0,5
BRDA:97,12,1,5
BRDA:104,13,0,5
BRDA:104,13,1,5
BRDA:153,14,0,5
BRDA:153,14,1,5
BRDA:161,15,0,5
BRDA:161,15,1,5
BRDA:187,16,0,5
BRDA:187,16,1,5
BRDA:201,17,0,5
BRDA:201,17,1,5
BRDA:207,18,0,5
BRDA:207,18,1,5
BRDA:214,19,0,5
BRDA:214,19,1,5
BRDA:222,20,0,5
BRDA:222,20,1,5
BRDA:231,21,0,5
BRDA:231,21,1,5
BRDA:239,22,0,5
BRDA:239,22,1,5
BRDA:246,23,0,5
BRDA:246,23,1,5
BRDA:253,24,0,5
BRDA:253,24,1,5
BRDA:261,25,0,5
BRDA:261,25,1,5
BRF:52
BRH:52
end_of_record
TN:
SF:src\constants\httpStatus.ts
FNF:0
FNH:0
DA:1,7
DA:18,7
LF:2
LH:2
BRF:0
BRH:0
end_of_record
TN:
SF:src\constants\messages.ts
FNF:0
FNH:0
DA:1,6
DA:31,6
DA:63,6
DA:69,6
DA:75,6
DA:98,6
DA:121,6
DA:129,6
DA:134,6
DA:157,6
DA:172,6
DA:191,6
DA:232,6
DA:274,6
DA:302,6
DA:315,6
DA:320,6
DA:324,6
DA:331,6
DA:345,6
DA:376,6
LF:21
LH:21
BRF:0
BRH:0
end_of_record
TN:
SF:src\controllers\sportCategory.controllers.ts
FN:5,(anonymous_1)
FN:21,(anonymous_2)
FN:37,(anonymous_3)
FN:69,(anonymous_4)
FN:102,(anonymous_5)
FN:118,(anonymous_6)
FN:135,(anonymous_7)
FNF:7
FNH:0
FNDA:0,(anonymous_1)
FNDA:0,(anonymous_2)
FNDA:0,(anonymous_3)
FNDA:0,(anonymous_4)
FNDA:0,(anonymous_5)
FNDA:0,(anonymous_6)
FNDA:0,(anonymous_7)
DA:2,2
DA:3,2
DA:5,2
DA:6,0
DA:7,0
DA:8,0
DA:13,0
DA:14,0
DA:21,2
DA:22,0
DA:23,0
DA:24,0
DA:29,0
DA:30,0
DA:37,2
DA:38,0
DA:39,0
DA:40,0
DA:41,0
DA:45,0
DA:46,0
DA:50,0
DA:51,0
DA:55,0
DA:56,0
DA:61,0
DA:62,0
DA:69,2
DA:70,0
DA:71,0
DA:72,0
DA:73,0
DA:74,0
DA:78,0
DA:79,0
DA:83,0
DA:84,0
DA:88,0
DA:89,0
DA:94,0
DA:95,0
DA:102,2
DA:103,0
DA:104,0
DA:105,0
DA:106,0
DA:110,0
DA:111,0
DA:118,2
DA:119,0
DA:120,0
DA:121,0
DA:122,0
DA:127,0
DA:128,0
DA:135,2
DA:136,0
DA:137,0
DA:138,0
DA:139,0
DA:143,0
DA:144,0
LF:62
LH:9
BRDA:40,0,0,0
BRDA:40,0,1,0
BRDA:40,1,0,0
BRDA:40,1,1,0
BRDA:45,2,0,0
BRDA:45,2,1,0
BRDA:45,3,0,0
BRDA:45,3,1,0
BRDA:50,4,0,0
BRDA:50,4,1,0
BRDA:50,5,0,0
BRDA:50,5,1,0
BRDA:50,5,2,0
BRDA:55,6,0,0
BRDA:55,6,1,0
BRDA:73,7,0,0
BRDA:73,7,1,0
BRDA:73,8,0,0
BRDA:73,8,1,0
BRDA:78,9,0,0
BRDA:78,9,1,0
BRDA:78,10,0,0
BRDA:78,10,1,0
BRDA:83,11,0,0
BRDA:83,11,1,0
BRDA:83,12,0,0
BRDA:83,12,1,0
BRDA:83,12,2,0
BRDA:88,13,0,0
BRDA:88,13,1,0
BRF:30
BRH:0
end_of_record
TN:
SF:src\controllers\adminControllers\adminChallenge.controller.ts
FN:9,(anonymous_1)
FN:46,(anonymous_2)
FN:54,(anonymous_3)
FN:55,(anonymous_4)
FN:68,(anonymous_5)
FN:96,(anonymous_6)
FN:129,(anonymous_7)
FN:138,(anonymous_8)
FN:161,(anonymous_9)
FN:183,(anonymous_10)
FN:224,(anonymous_11)
FN:261,(anonymous_12)
FNF:12
FNH:0
FNDA:0,(anonymous_1)
FNDA:0,(anonymous_2)
FNDA:0,(anonymous_3)
FNDA:0,(anonymous_4)
FNDA:0,(anonymous_5)
FNDA:0,(anonymous_6)
FNDA:0,(anonymous_7)
FNDA:0,(anonymous_8)
FNDA:0,(anonymous_9)
FNDA:0,(anonymous_10)
FNDA:0,(anonymous_11)
FNDA:0,(anonymous_12)
DA:2,2
DA:3,2
DA:4,2
DA:5,2
DA:6,2
DA:9,2
DA:10,0
DA:11,0
DA:12,0
DA:13,0
DA:15,0
DA:17,0
DA:18,0
DA:20,0
DA:23,0
DA:24,0
DA:25,0
DA:26,0
DA:27,0
DA:28,0
DA:29,0
DA:31,0
DA:32,0
DA:33,0
DA:34,0
DA:36,0
DA:46,0
DA:47,0
DA:49,0
DA:54,0
DA:55,0
DA:57,0
DA:58,0
DA:60,0
DA:61,0
DA:62,0
DA:63,0
DA:64,0
DA:66,0
DA:67,0
DA:68,0
DA:69,0
DA:70,0
DA:71,0
DA:72,0
DA:74,0
DA:77,0
DA:87,0
DA:89,0
DA:96,2
DA:98,0
DA:99,0
DA:101,0
DA:116,0
DA:117,0
DA:125,0
DA:127,0
DA:129,0
DA:130,0
DA:131,0
DA:132,0
DA:137,0
DA:139,0
DA:146,0
DA:161,2
DA:162,0
DA:164,0
DA:175,0
DA:176,0
DA:179,0
DA:183,2
DA:184,0
DA:186,0
DA:189,0
DA:190,0
DA:194,0
DA:196,0
DA:209,0
DA:210,0
DA:213,0
DA:214,0
DA:220,0
DA:224,2
DA:225,0
DA:233,0
DA:235,0
DA:257,0
DA:261,2
DA:262,0
DA:264,0
DA:265,0
DA:266,0
DA:269,0
DA:272,0
DA:274,0
DA:281,0
DA:282,0
DA:283,0
DA:287,0
DA:288,0
DA:289,0
DA:292,0
DA:295,0
LF:103
LH:11
BRDA:11,0,0,0
BRDA:11,0,1,0
BRDA:12,1,0,0
BRDA:12,1,1,0
BRDA:17,2,0,0
BRDA:17,2,1,0
BRDA:23,3,0,0
BRDA:23,3,1,0
BRDA:24,4,0,0
BRDA:24,4,1,0
BRDA:25,5,0,0
BRDA:25,5,1,0
BRDA:25,6,0,0
BRDA:25,6,1,0
BRDA:26,7,0,0
BRDA:26,7,1,0
BRDA:26,8,0,0
BRDA:26,8,1,0
BRDA:27,9,0,0
BRDA:27,9,1,0
BRDA:27,10,0,0
BRDA:27,10,1,0
BRDA:28,11,0,0
BRDA:28,11,1,0
BRDA:28,12,0,0
BRDA:28,12,1,0
BRDA:29,13,0,0
BRDA:29,13,1,0
BRDA:29,14,0,0
BRDA:29,14,1,0
BRDA:32,15,0,0
BRDA:32,15,1,0
BRDA:33,16,0,0
BRDA:33,16,1,0
BRDA:34,17,0,0
BRDA:34,17,1,0
BRDA:60,18,0,0
BRDA:60,18,1,0
BRDA:61,19,0,0
BRDA:61,19,1,0
BRDA:66,20,0,0
BRDA:66,20,1,0
BRDA:69,21,0,0
BRDA:69,21,1,0
BRDA:87,22,0,0
BRDA:87,22,1,0
BRDA:117,23,0,0
BRDA:117,23,1,0
BRDA:127,24,0,0
BRDA:127,24,1,0
BRDA:175,25,0,0
BRDA:175,25,1,0
BRDA:189,26,0,0
BRDA:189,26,1,0
BRDA:194,27,0,0
BRDA:194,27,1,0
BRDA:209,28,0,0
BRDA:209,28,1,0
BRDA:213,29,0,0
BRDA:213,29,1,0
BRDA:213,30,0,0
BRDA:213,30,1,0
BRDA:247,31,0,0
BRDA:247,31,1,0
BRDA:265,32,0,0
BRDA:265,32,1,0
BRDA:283,33,0,0
BRDA:283,33,1,0
BRDA:287,34,0,0
BRDA:287,34,1,0
BRDA:287,35,0,0
BRDA:287,35,1,0
BRDA:287,35,2,0
BRF:73
BRH:0
end_of_record
TN:
SF:src\controllers\adminControllers\adminSportEvent.controller.ts
FN:6,(anonymous_1)
FN:26,(anonymous_2)
FN:35,(anonymous_3)
FN:51,(anonymous_4)
FN:61,(anonymous_5)
FN:71,(anonymous_6)
FN:81,(anonymous_7)
FN:91,(anonymous_8)
FN:106,(anonymous_9)
FNF:9
FNH:0
FNDA:0,(anonymous_1)
FNDA:0,(anonymous_2)
FNDA:0,(anonymous_3)
FNDA:0,(anonymous_4)
FNDA:0,(anonymous_5)
FNDA:0,(anonymous_6)
FNDA:0,(anonymous_7)
FNDA:0,(anonymous_8)
FNDA:0,(anonymous_9)
DA:2,2
DA:3,2
DA:4,2
DA:6,2
DA:7,0
DA:8,0
DA:9,0
DA:20,0
DA:22,0
DA:26,2
DA:27,0
DA:28,0
DA:29,0
DA:31,0
DA:35,2
DA:36,0
DA:37,0
DA:38,0
DA:40,0
DA:41,0
DA:44,0
DA:45,0
DA:47,0
DA:51,2
DA:52,0
DA:53,0
DA:54,0
DA:55,0
DA:57,0
DA:61,2
DA:62,0
DA:63,0
DA:64,0
DA:65,0
DA:67,0
DA:71,2
DA:72,0
DA:73,0
DA:74,0
DA:75,0
DA:77,0
DA:81,2
DA:82,0
DA:83,0
DA:84,0
DA:85,0
DA:87,0
DA:91,2
DA:92,0
DA:93,0
DA:94,0
DA:95,0
DA:100,0
DA:102,0
DA:106,2
DA:107,0
DA:108,0
DA:109,0
DA:112,0
DA:113,0
DA:114,0
DA:117,0
DA:129,0
DA:134,0
LF:64
LH:12
BRDA:10,0,0,0
BRDA:10,0,1,0
BRDA:11,1,0,0
BRDA:11,1,1,0
BRDA:37,2,0,0
BRDA:37,2,1,0
BRDA:40,3,0,0
BRDA:40,3,1,0
BRDA:96,4,0,0
BRDA:96,4,1,0
BRDA:97,5,0,0
BRDA:97,5,1,0
BRDA:98,6,0,0
BRDA:98,6,1,0
BRDA:113,7,0,0
BRDA:113,7,1,0
BRDA:122,8,0,0
BRDA:122,8,1,0
BRDA:123,9,0,0
BRDA:123,9,1,0
BRF:20
BRH:0
end_of_record
TN:
SF:src\controllers\adminControllers\analytics.controller.ts
FN:4,(anonymous_1)
FN:14,(anonymous_2)
FN:24,(anonymous_3)
FN:34,(anonymous_4)
FN:44,(anonymous_5)
FN:49,(anonymous_6)
FNF:6
FNH:0
FNDA:0,(anonymous_1)
FNDA:0,(anonymous_2)
FNDA:0,(anonymous_3)
FNDA:0,(anonymous_4)
FNDA:0,(anonymous_5)
FNDA:0,(anonymous_6)
DA:2,2
DA:4,2
DA:5,0
DA:6,0
DA:11,0
DA:14,2
DA:15,0
DA:16,0
DA:21,0
DA:24,2
DA:25,0
DA:26,0
DA:31,0
DA:34,2
DA:35,0
DA:36,0
DA:41,0
DA:44,2
DA:45,0
DA:46,0
DA:49,2
DA:50,0
DA:51,0
DA:52,0
LF:24
LH:7
BRF:0
BRH:0
end_of_record
TN:
SF:src\controllers\adminControllers\authAdmin.controller.ts
FN:6,(anonymous_1)
FN:15,(anonymous_2)
FN:24,(anonymous_3)
FNF:3
FNH:0
FNDA:0,(anonymous_1)
FNDA:0,(anonymous_2)
FNDA:0,(anonymous_3)
DA:2,2
DA:4,2
DA:6,2
DA:7,0
DA:8,0
DA:9,0
DA:15,2
DA:16,0
DA:17,0
DA:18,0
DA:24,2
DA:25,0
DA:26,0
DA:27,0
LF:14
LH:5
BRF:0
BRH:0
end_of_record
TN:
SF:src\controllers\adminControllers\equipment.controller.ts
FN:5,(anonymous_1)
FN:14,(anonymous_2)
FN:23,(anonymous_3)
FN:36,(anonymous_4)
FN:45,(anonymous_5)
FNF:5
FNH:0
FNDA:0,(anonymous_1)
FNDA:0,(anonymous_2)
FNDA:0,(anonymous_3)
FNDA:0,(anonymous_4)
FNDA:0,(anonymous_5)
DA:2,2
DA:3,2
DA:5,2
DA:6,0
DA:7,0
DA:8,0
DA:10,0
DA:14,2
DA:15,0
DA:16,0
DA:17,0
DA:19,0
DA:23,2
DA:24,0
DA:25,0
DA:26,0
DA:27,0
DA:29,0
DA:30,0
DA:32,0
DA:36,2
DA:37,0
DA:38,0
DA:39,0
DA:41,0
DA:45,2
DA:46,0
DA:47,0
DA:48,0
DA:50,0
LF:30
LH:7
BRDA:26,0,0,0
BRDA:26,0,1,0
BRDA:26,1,0,0
BRDA:26,1,1,0
BRF:4
BRH:0
end_of_record
TN:
SF:src\controllers\adminControllers\exercise.controller.ts
FN:5,(anonymous_1)
FN:14,(anonymous_2)
FN:26,(anonymous_3)
FN:39,(anonymous_4)
FN:48,(anonymous_5)
FN:57,(anonymous_6)
FNF:6
FNH:0
FNDA:0,(anonymous_1)
FNDA:0,(anonymous_2)
FNDA:0,(anonymous_3)
FNDA:0,(anonymous_4)
FNDA:0,(anonymous_5)
FNDA:0,(anonymous_6)
DA:2,2
DA:3,2
DA:5,2
DA:6,0
DA:7,0
DA:8,0
DA:10,0
DA:14,2
DA:15,0
DA:16,0
DA:17,0
DA:18,0
DA:20,0
DA:22,0
DA:26,2
DA:27,0
DA:28,0
DA:29,0
DA:30,0
DA:32,0
DA:33,0
DA:35,0
DA:39,2
DA:40,0
DA:41,0
DA:42,0
DA:44,0
DA:48,2
DA:49,0
DA:50,0
DA:51,0
DA:53,0
DA:57,2
DA:58,0
DA:59,0
DA:60,0
DA:61,0
DA:63,0
DA:65,0
LF:39
LH:8
BRDA:17,0,0,0
BRDA:17,0,1,0
BRDA:29,1,0,0
BRDA:29,1,1,0
BRDA:60,2,0,0
BRDA:60,2,1,0
BRF:6
BRH:0
end_of_record
TN:
SF:src\controllers\adminControllers\inspector.controller.ts
FN:5,(anonymous_1)
FN:18,(anonymous_2)
FN:27,(anonymous_3)
FN:36,(anonymous_4)
FN:46,(anonymous_5)
FN:59,(anonymous_6)
FN:68,(anonymous_7)
FN:83,(anonymous_8)
FN:92,(anonymous_9)
FN:101,(anonymous_10)
FN:110,(anonymous_11)
FN:130,(anonymous_12)
FN:139,(anonymous_13)
FN:148,(anonymous_14)
FN:157,(anonymous_15)
FN:172,(anonymous_16)
FN:181,(anonymous_17)
FN:194,(anonymous_18)
FN:208,(anonymous_19)
FN:217,(anonymous_20)
FN:226,(anonymous_21)
FN:240,(anonymous_22)
FN:249,(anonymous_23)
FN:259,(anonymous_24)
FN:272,(anonymous_25)
FN:281,(anonymous_26)
FN:295,(anonymous_27)
FN:304,(anonymous_28)
FN:314,(anonymous_29)
FN:327,(anonymous_30)
FNF:30
FNH:0
FNDA:0,(anonymous_1)
FNDA:0,(anonymous_2)
FNDA:0,(anonymous_3)
FNDA:0,(anonymous_4)
FNDA:0,(anonymous_5)
FNDA:0,(anonymous_6)
FNDA:0,(anonymous_7)
FNDA:0,(anonymous_8)
FNDA:0,(anonymous_9)
FNDA:0,(anonymous_10)
FNDA:0,(anonymous_11)
FNDA:0,(anonymous_12)
FNDA:0,(anonymous_13)
FNDA:0,(anonymous_14)
FNDA:0,(anonymous_15)
FNDA:0,(anonymous_16)
FNDA:0,(anonymous_17)
FNDA:0,(anonymous_18)
FNDA:0,(anonymous_19)
FNDA:0,(anonymous_20)
FNDA:0,(anonymous_21)
FNDA:0,(anonymous_22)
FNDA:0,(anonymous_23)
FNDA:0,(anonymous_24)
FNDA:0,(anonymous_25)
FNDA:0,(anonymous_26)
FNDA:0,(anonymous_27)
FNDA:0,(anonymous_28)
FNDA:0,(anonymous_29)
FNDA:0,(anonymous_30)
DA:2,2
DA:3,2
DA:5,2
DA:6,0
DA:7,0
DA:12,0
DA:18,2
DA:19,0
DA:20,0
DA:21,0
DA:27,2
DA:28,0
DA:29,0
DA:30,0
DA:36,2
DA:37,0
DA:38,0
DA:39,0
DA:40,0
DA:46,2
DA:47,0
DA:48,0
DA:53,0
DA:59,2
DA:60,0
DA:61,0
DA:62,0
DA:68,2
DA:69,0
DA:70,0
DA:77,0
DA:83,2
DA:84,0
DA:85,0
DA:86,0
DA:92,2
DA:93,0
DA:94,0
DA:95,0
DA:101,2
DA:102,0
DA:103,0
DA:104,0
DA:110,2
DA:112,0
DA:113,0
DA:124,0
DA:130,2
DA:131,0
DA:132,0
DA:133,0
DA:139,2
DA:140,0
DA:141,0
DA:142,0
DA:148,2
DA:149,0
DA:150,0
DA:151,0
DA:157,2
DA:158,0
DA:159,0
DA:166,0
DA:172,2
DA:173,0
DA:174,0
DA:175,0
DA:181,2
DA:182,0
DA:183,0
DA:188,0
DA:194,2
DA:195,0
DA:196,0
DA:202,0
DA:208,2
DA:209,0
DA:210,0
DA:211,0
DA:217,2
DA:218,0
DA:219,0
DA:220,0
DA:226,2
DA:227,0
DA:228,0
DA:234,0
DA:240,2
DA:241,0
DA:242,0
DA:243,0
DA:249,2
DA:250,0
DA:251,0
DA:252,0
DA:253,0
DA:259,2
DA:260,0
DA:261,0
DA:266,0
DA:272,2
DA:273,0
DA:274,0
DA:275,0
DA:281,2
DA:282,0
DA:283,0
DA:289,0
DA:295,2
DA:296,0
DA:297,0
DA:298,0
DA:304,2
DA:305,0
DA:306,0
DA:307,0
DA:308,0
DA:314,2
DA:315,0
DA:316,0
DA:321,0
DA:327,2
DA:328,0
DA:329,0
DA:330,0
LF:125
LH:32
BRDA:197,0,0,0
BRDA:197,0,1,0
BRDA:198,1,0,0
BRDA:198,1,1,0
BRDA:229,2,0,0
BRDA:229,2,1,0
BRDA:230,3,0,0
BRDA:230,3,1,0
BRDA:262,4,0,0
BRDA:262,4,1,0
BRDA:263,5,0,0
BRDA:263,5,1,0
BRDA:284,6,0,0
BRDA:284,6,1,0
BRDA:285,7,0,0
BRDA:285,7,1,0
BRDA:317,8,0,0
BRDA:317,8,1,0
BRDA:318,9,0,0
BRDA:318,9,1,0
BRF:20
BRH:0
end_of_record
TN:
SF:src\controllers\adminControllers\muscleGroup.controller.ts
FN:5,(anonymous_1)
FN:14,(anonymous_2)
FN:23,(anonymous_3)
FN:36,(anonymous_4)
FN:45,(anonymous_5)
FNF:5
FNH:0
FNDA:0,(anonymous_1)
FNDA:0,(anonymous_2)
FNDA:0,(anonymous_3)
FNDA:0,(anonymous_4)
FNDA:0,(anonymous_5)
DA:2,2
DA:3,2
DA:5,2
DA:6,0
DA:7,0
DA:8,0
DA:10,0
DA:14,2
DA:15,0
DA:16,0
DA:17,0
DA:19,0
DA:23,2
DA:24,0
DA:25,0
DA:26,0
DA:27,0
DA:29,0
DA:30,0
DA:32,0
DA:36,2
DA:37,0
DA:38,0
DA:39,0
DA:41,0
DA:45,2
DA:46,0
DA:47,0
DA:48,0
DA:50,0
LF:30
LH:7
BRDA:26,0,0,0
BRDA:26,0,1,0
BRDA:26,1,0,0
BRDA:26,1,1,0
BRF:4
BRH:0
end_of_record
TN:
SF:src\controllers\adminControllers\userAdmin.controller.ts
FN:5,(anonymous_1)
FN:23,(anonymous_2)
FN:33,(anonymous_3)
FN:42,(anonymous_4)
FN:52,(anonymous_5)
FN:62,(anonymous_6)
FN:77,(anonymous_7)
FN:92,(anonymous_8)
FN:102,(anonymous_9)
FN:112,(anonymous_10)
FNF:10
FNH:0
FNDA:0,(anonymous_1)
FNDA:0,(anonymous_2)
FNDA:0,(anonymous_3)
FNDA:0,(anonymous_4)
FNDA:0,(anonymous_5)
FNDA:0,(anonymous_6)
FNDA:0,(anonymous_7)
FNDA:0,(anonymous_8)
FNDA:0,(anonymous_9)
FNDA:0,(anonymous_10)
DA:2,2
DA:3,2
DA:5,2
DA:6,0
DA:7,0
DA:17,0
DA:23,2
DA:24,0
DA:25,0
DA:27,0
DA:33,2
DA:34,0
DA:36,0
DA:42,2
DA:43,0
DA:44,0
DA:46,0
DA:52,2
DA:53,0
DA:54,0
DA:56,0
DA:62,2
DA:63,0
DA:64,0
DA:71,0
DA:77,2
DA:78,0
DA:79,0
DA:86,0
DA:92,2
DA:93,0
DA:94,0
DA:96,0
DA:102,2
DA:103,0
DA:104,0
DA:106,0
DA:112,2
DA:113,0
DA:114,0
LF:40
LH:12
BRF:0
BRH:0
end_of_record
TN:
SF:src\controllers\adminControllers\writter.controller.ts
FN:8,(anonymous_1)
FN:25,(anonymous_2)
FN:34,(anonymous_3)
FN:57,(anonymous_4)
FN:70,(anonymous_5)
FN:125,(anonymous_6)
FN:174,(anonymous_7)
FNF:7
FNH:0
FNDA:0,(anonymous_1)
FNDA:0,(anonymous_2)
FNDA:0,(anonymous_3)
FNDA:0,(anonymous_4)
FNDA:0,(anonymous_5)
FNDA:0,(anonymous_6)
FNDA:0,(anonymous_7)
DA:2,2
DA:3,2
DA:5,2
DA:6,2
DA:8,2
DA:9,0
DA:10,0
DA:19,0
DA:25,2
DA:26,0
DA:27,0
DA:28,0
DA:34,2
DA:35,0
DA:37,0
DA:39,0
DA:51,0
DA:57,2
DA:58,0
DA:59,0
DA:60,0
DA:64,0
DA:70,2
DA:71,0
DA:89,0
DA:91,0
DA:92,0
DA:93,0
DA:98,0
DA:119,0
DA:125,2
DA:126,0
DA:144,0
DA:145,0
DA:146,0
DA:147,0
DA:168,0
DA:174,2
DA:175,0
DA:176,0
DA:177,0
DA:181,0
LF:42
LH:11
BRDA:92,0,0,0
BRDA:92,0,1,0
BRF:2
BRH:0
end_of_record
TN:
SF:src\controllers\userControllers\activity.controller.ts
FN:5,(anonymous_1)
FNF:1
FNH:0
FNDA:0,(anonymous_1)
DA:2,2
DA:3,2
DA:5,2
DA:6,0
DA:7,0
DA:13,0
LF:6
LH:3
BRF:0
BRH:0
end_of_record
TN:
SF:src\controllers\userControllers\activityTracking.controller.ts
FN:4,(anonymous_1)
FN:29,(anonymous_2)
FN:48,(anonymous_3)
FN:67,(anonymous_4)
FN:85,(anonymous_5)
FN:103,(anonymous_6)
FN:121,(anonymous_7)
FNF:7
FNH:0
FNDA:0,(anonymous_1)
FNDA:0,(anonymous_2)
FNDA:0,(anonymous_3)
FNDA:0,(anonymous_4)
FNDA:0,(anonymous_5)
FNDA:0,(anonymous_6)
FNDA:0,(anonymous_7)
DA:2,2
DA:4,2
DA:5,0
DA:6,0
DA:7,0
DA:8,0
DA:10,0
DA:18,0
DA:23,0
DA:29,2
DA:30,0
DA:31,0
DA:32,0
DA:33,0
DA:35,0
DA:37,0
DA:42,0
DA:48,2
DA:49,0
DA:50,0
DA:51,0
DA:52,0
DA:54,0
DA:56,0
DA:61,0
DA:67,2
DA:68,0
DA:69,0
DA:70,0
DA:72,0
DA:74,0
DA:79,0
DA:85,2
DA:86,0
DA:87,0
DA:88,0
DA:90,0
DA:92,0
DA:97,0
DA:103,2
DA:104,0
DA:105,0
DA:106,0
DA:108,0
DA:110,0
DA:115,0
DA:121,2
DA:122,0
DA:123,0
DA:124,0
DA:126,0
DA:128,0
DA:133,0
LF:53
LH:8
BRF:0
BRH:0
end_of_record
TN:
SF:src\controllers\userControllers\authUser.controller.ts
FN:7,(anonymous_1)
FN:16,(anonymous_2)
FN:25,(anonymous_3)
FN:34,(anonymous_4)
FN:41,(anonymous_5)
FN:58,(anonymous_6)
FN:70,(anonymous_7)
FN:79,(anonymous_8)
FN:91,(anonymous_9)
FNF:9
FNH:1
FNDA:0,(anonymous_1)
FNDA:1,(anonymous_2)
FNDA:0,(anonymous_3)
FNDA:0,(anonymous_4)
FNDA:0,(anonymous_5)
FNDA:0,(anonymous_6)
FNDA:0,(anonymous_7)
FNDA:0,(anonymous_8)
FNDA:0,(anonymous_9)
DA:2,2
DA:3,2
DA:5,2
DA:7,2
DA:8,0
DA:9,0
DA:10,0
DA:16,2
DA:17,1
DA:18,1
DA:19,1
DA:25,2
DA:26,0
DA:27,0
DA:28,0
DA:34,2
DA:35,0
DA:36,0
DA:37,0
DA:38,0
DA:41,2
DA:42,0
DA:43,0
DA:44,0
DA:52,0
DA:58,2
DA:59,0
DA:60,0
DA:61,0
DA:62,0
DA:64,0
DA:67,0
DA:70,2
DA:71,0
DA:72,0
DA:73,0
DA:79,2
DA:80,0
DA:81,0
DA:85,0
DA:91,2
DA:92,0
DA:93,0
DA:98,0
LF:44
LH:15
BRDA:61,0,0,0
BRDA:61,0,1,0
BRF:2
BRH:0
end_of_record
TN:
SF:src\controllers\userControllers\blog.controller.ts
FN:6,(anonymous_1)
FN:14,(anonymous_2)
FN:31,(anonymous_3)
FN:50,(anonymous_4)
FN:67,(anonymous_5)
FN:81,(anonymous_6)
FN:95,(anonymous_7)
FN:105,(anonymous_8)
FN:115,(anonymous_9)
FN:134,(anonymous_10)
FN:148,(anonymous_11)
FN:158,(anonymous_12)
FN:171,(anonymous_13)
FN:181,(anonymous_14)
FNF:14
FNH:0
FNDA:0,(anonymous_1)
FNDA:0,(anonymous_2)
FNDA:0,(anonymous_3)
FNDA:0,(anonymous_4)
FNDA:0,(anonymous_5)
FNDA:0,(anonymous_6)
FNDA:0,(anonymous_7)
FNDA:0,(anonymous_8)
FNDA:0,(anonymous_9)
FNDA:0,(anonymous_10)
FNDA:0,(anonymous_11)
FNDA:0,(anonymous_12)
FNDA:0,(anonymous_13)
FNDA:0,(anonymous_14)
DA:2,2
DA:4,2
DA:6,2
DA:7,0
DA:8,0
DA:14,2
DA:15,0
DA:16,0
DA:17,0
DA:25,0
DA:31,2
DA:32,0
DA:33,0
DA:35,0
DA:44,0
DA:50,2
DA:51,0
DA:52,0
DA:53,0
DA:61,0
DA:67,2
DA:68,0
DA:69,0
DA:70,0
DA:75,0
DA:81,2
DA:82,0
DA:83,0
DA:84,0
DA:89,0
DA:95,2
DA:96,0
DA:97,0
DA:98,0
DA:99,0
DA:105,2
DA:106,0
DA:107,0
DA:108,0
DA:109,0
DA:115,2
DA:116,0
DA:117,0
DA:118,0
DA:119,0
DA:128,0
DA:134,2
DA:135,0
DA:136,0
DA:137,0
DA:142,0
DA:148,2
DA:149,0
DA:150,0
DA:151,0
DA:152,0
DA:158,2
DA:159,0
DA:160,0
DA:165,0
DA:171,2
DA:172,0
DA:173,0
DA:174,0
DA:175,0
DA:181,2
DA:182,0
DA:183,0
LF:68
LH:16
BRF:0
BRH:0
end_of_record
TN:
SF:src\controllers\userControllers\calculator.controller.ts
FN:16,(anonymous_1)
FN:29,(anonymous_2)
FN:43,(anonymous_3)
FN:58,(anonymous_4)
FN:73,(anonymous_5)
FN:86,(anonymous_6)
FN:99,(anonymous_7)
FN:111,(anonymous_8)
FN:123,(anonymous_9)
FN:138,(anonymous_10)
FN:155,(anonymous_11)
FN:173,(anonymous_12)
FN:191,(anonymous_13)
FN:208,(anonymous_14)
FNF:14
FNH:0
FNDA:0,(anonymous_1)
FNDA:0,(anonymous_2)
FNDA:0,(anonymous_3)
FNDA:0,(anonymous_4)
FNDA:0,(anonymous_5)
FNDA:0,(anonymous_6)
FNDA:0,(anonymous_7)
FNDA:0,(anonymous_8)
FNDA:0,(anonymous_9)
FNDA:0,(anonymous_10)
FNDA:0,(anonymous_11)
FNDA:0,(anonymous_12)
FNDA:0,(anonymous_13)
FNDA:0,(anonymous_14)
DA:2,2
DA:14,2
DA:16,2
DA:17,0
DA:18,0
DA:23,0
DA:29,2
DA:30,0
DA:31,0
DA:37,0
DA:43,2
DA:44,0
DA:45,0
DA:52,0
DA:58,2
DA:59,0
DA:60,0
DA:67,0
DA:73,2
DA:74,0
DA:75,0
DA:80,0
DA:86,2
DA:87,0
DA:88,0
DA:93,0
DA:99,2
DA:100,0
DA:101,0
DA:105,0
DA:111,2
DA:112,0
DA:113,0
DA:117,0
DA:123,2
DA:124,0
DA:125,0
DA:126,0
DA:132,0
DA:138,2
DA:139,0
DA:140,0
DA:141,0
DA:149,0
DA:155,2
DA:156,0
DA:157,0
DA:158,0
DA:167,0
DA:173,2
DA:174,0
DA:175,0
DA:176,0
DA:185,0
DA:191,2
DA:192,0
DA:193,0
DA:194,0
DA:202,0
DA:208,2
DA:209,0
DA:210,0
DA:211,0
DA:217,0
LF:64
LH:16
BRF:0
BRH:0
end_of_record
TN:
SF:src\controllers\userControllers\challenge.controller.ts
FN:6,(anonymous_1)
FN:22,(anonymous_2)
FN:47,(anonymous_3)
FN:87,(anonymous_4)
FN:96,(anonymous_5)
FN:105,(anonymous_6)
FN:114,(anonymous_7)
FN:123,(anonymous_8)
FN:144,(anonymous_9)
FN:153,(anonymous_10)
FN:171,(anonymous_11)
FN:180,(anonymous_12)
FN:189,(anonymous_13)
FN:205,(anonymous_14)
FN:215,(anonymous_15)
FN:230,(anonymous_16)
FN:239,(anonymous_17)
FN:248,(anonymous_18)
FN:257,(anonymous_19)
FN:266,(anonymous_20)
FN:275,(anonymous_21)
FN:297,(anonymous_22)
FN:322,(anonymous_23)
FNF:23
FNH:0
FNDA:0,(anonymous_1)
FNDA:0,(anonymous_2)
FNDA:0,(anonymous_3)
FNDA:0,(anonymous_4)
FNDA:0,(anonymous_5)
FNDA:0,(anonymous_6)
FNDA:0,(anonymous_7)
FNDA:0,(anonymous_8)
FNDA:0,(anonymous_9)
FNDA:0,(anonymous_10)
FNDA:0,(anonymous_11)
FNDA:0,(anonymous_12)
FNDA:0,(anonymous_13)
FNDA:0,(anonymous_14)
FNDA:0,(anonymous_15)
FNDA:0,(anonymous_16)
FNDA:0,(anonymous_17)
FNDA:0,(anonymous_18)
FNDA:0,(anonymous_19)
FNDA:0,(anonymous_20)
FNDA:0,(anonymous_21)
FNDA:0,(anonymous_22)
FNDA:0,(anonymous_23)
DA:2,2
DA:3,2
DA:4,2
DA:6,2
DA:7,0
DA:8,0
DA:10,0
DA:19,0
DA:22,2
DA:23,0
DA:24,0
DA:25,0
DA:27,0
DA:29,0
DA:31,0
DA:32,0
DA:37,0
DA:38,0
DA:40,0
DA:41,0
DA:43,0
DA:47,2
DA:48,0
DA:58,0
DA:60,0
DA:84,0
DA:87,2
DA:88,0
DA:89,0
DA:91,0
DA:93,0
DA:96,2
DA:97,0
DA:98,0
DA:100,0
DA:102,0
DA:105,2
DA:106,0
DA:107,0
DA:109,0
DA:111,0
DA:114,2
DA:115,0
DA:116,0
DA:118,0
DA:120,0
DA:123,2
DA:124,0
DA:125,0
DA:126,0
DA:127,0
DA:129,0
DA:130,0
DA:132,0
DA:133,0
DA:136,0
DA:138,0
DA:140,0
DA:144,2
DA:145,0
DA:146,0
DA:148,0
DA:150,0
DA:153,2
DA:154,0
DA:155,0
DA:157,0
DA:168,0
DA:171,2
DA:172,0
DA:173,0
DA:175,0
DA:177,0
DA:180,2
DA:181,0
DA:182,0
DA:184,0
DA:186,0
DA:189,2
DA:190,0
DA:191,0
DA:192,0
DA:194,0
DA:202,0
DA:205,2
DA:206,0
DA:207,0
DA:208,0
DA:210,0
DA:212,0
DA:215,2
DA:216,0
DA:217,0
DA:218,0
DA:220,0
DA:221,0
DA:227,0
DA:230,2
DA:231,0
DA:232,0
DA:234,0
DA:236,0
DA:239,2
DA:240,0
DA:241,0
DA:243,0
DA:245,0
DA:248,2
DA:249,0
DA:250,0
DA:252,0
DA:254,0
DA:257,2
DA:258,0
DA:259,0
DA:261,0
DA:263,0
DA:266,2
DA:267,0
DA:268,0
DA:270,0
DA:272,0
DA:275,2
DA:276,0
DA:277,0
DA:279,0
DA:294,0
DA:297,2
DA:298,0
DA:299,0
DA:300,0
DA:301,0
DA:303,0
DA:304,0
DA:306,0
DA:307,0
DA:310,0
DA:311,0
DA:316,0
DA:322,2
DA:323,0
DA:324,0
DA:325,0
DA:327,0
DA:328,0
DA:331,0
DA:332,0
DA:337,0
DA:342,0
DA:343,0
LF:150
LH:26
BRDA:8,0,0,0
BRDA:8,0,1,0
BRDA:11,1,0,0
BRDA:11,1,1,0
BRDA:12,2,0,0
BRDA:12,2,1,0
BRDA:25,3,0,0
BRDA:25,3,1,0
BRDA:31,4,0,0
BRDA:31,4,1,0
BRDA:37,5,0,0
BRDA:37,5,1,0
BRDA:40,6,0,0
BRDA:40,6,1,0
BRDA:74,7,0,0
BRDA:74,7,1,0
BRDA:129,8,0,0
BRDA:129,8,1,0
BRDA:132,9,0,0
BRDA:132,9,1,0
BRDA:140,10,0,0
BRDA:140,10,1,0
BRDA:148,11,0,0
BRDA:148,11,1,0
BRDA:148,12,0,0
BRDA:148,12,1,0
BRDA:157,13,0,0
BRDA:157,13,1,0
BRDA:157,14,0,0
BRDA:157,14,1,0
BRDA:192,15,0,0
BRDA:192,15,1,0
BRDA:196,16,0,0
BRDA:196,16,1,0
BRDA:197,17,0,0
BRDA:197,17,1,0
BRDA:198,18,0,0
BRDA:198,18,1,0
BRDA:208,19,0,0
BRDA:208,19,1,0
BRDA:210,20,0,0
BRDA:210,20,1,0
BRDA:210,21,0,0
BRDA:210,21,1,0
BRDA:218,22,0,0
BRDA:218,22,1,0
BRDA:220,23,0,0
BRDA:220,23,1,0
BRDA:220,24,0,0
BRDA:220,24,1,0
BRDA:222,25,0,0
BRDA:222,25,1,0
BRDA:223,26,0,0
BRDA:223,26,1,0
BRDA:224,27,0,0
BRDA:224,27,1,0
BRDA:232,28,0,0
BRDA:232,28,1,0
BRDA:241,29,0,0
BRDA:241,29,1,0
BRDA:250,30,0,0
BRDA:250,30,1,0
BRDA:270,31,0,0
BRDA:270,31,1,0
BRDA:270,32,0,0
BRDA:270,32,1,0
BRDA:277,33,0,0
BRDA:277,33,1,0
BRDA:280,34,0,0
BRDA:280,34,1,0
BRDA:284,35,0,0
BRDA:284,35,1,0
BRDA:285,36,0,0
BRDA:285,36,1,0
BRDA:303,37,0,0
BRDA:303,37,1,0
BRDA:306,38,0,0
BRDA:306,38,1,0
BRDA:327,39,0,0
BRDA:327,39,1,0
BRDA:335,40,0,0
BRDA:335,40,1,0
BRDA:342,41,0,0
BRDA:342,41,1,0
BRDA:343,42,0,0
BRDA:343,42,1,0
BRF:86
BRH:0
end_of_record
TN:
SF:src\controllers\userControllers\challengeDayComment.controller.ts
FN:4,(anonymous_1)
FN:30,(anonymous_2)
FN:62,(anonymous_3)
FN:88,(anonymous_4)
FNF:4
FNH:0
FNDA:0,(anonymous_1)
FNDA:0,(anonymous_2)
FNDA:0,(anonymous_3)
FNDA:0,(anonymous_4)
DA:2,2
DA:4,2
DA:5,0
DA:6,0
DA:7,0
DA:8,0
DA:10,0
DA:19,0
DA:24,0
DA:30,2
DA:31,0
DA:32,0
DA:33,0
DA:35,0
DA:36,0
DA:39,0
DA:40,0
DA:51,0
DA:56,0
DA:62,2
DA:63,0
DA:64,0
DA:65,0
DA:67,0
DA:68,0
DA:77,0
DA:82,0
DA:88,2
DA:89,0
DA:90,0
DA:91,0
DA:93,0
DA:95,0
DA:99,0
LF:34
LH:5
BRDA:35,0,0,0
BRDA:35,0,1,0
BRDA:35,1,0,0
BRDA:35,1,1,0
BRDA:39,2,0,0
BRDA:39,2,1,0
BRDA:45,3,0,0
BRDA:45,3,1,0
BRDA:46,4,0,0
BRDA:46,4,1,0
BRDA:67,5,0,0
BRDA:67,5,1,0
BRDA:71,6,0,0
BRDA:71,6,1,0
BRDA:72,7,0,0
BRDA:72,7,1,0
BRF:16
BRH:0
end_of_record
TN:
SF:src\controllers\userControllers\exercise.controller.ts
FN:4,(anonymous_1)
FN:18,(anonymous_2)
FN:22,(anonymous_3)
FN:23,(anonymous_4)
FN:37,(anonymous_5)
FN:55,(anonymous_6)
FNF:6
FNH:0
FNDA:0,(anonymous_1)
FNDA:0,(anonymous_2)
FNDA:0,(anonymous_3)
FNDA:0,(anonymous_4)
FNDA:0,(anonymous_5)
FNDA:0,(anonymous_6)
DA:2,2
DA:4,2
DA:5,0
DA:6,0
DA:7,0
DA:12,0
DA:18,2
DA:19,0
DA:20,0
DA:22,0
DA:23,0
DA:25,0
DA:26,0
DA:31,0
DA:37,2
DA:38,0
DA:39,0
DA:40,0
DA:41,0
DA:42,0
DA:44,0
DA:49,0
DA:55,2
DA:56,0
DA:57,0
DA:59,0
DA:60,0
DA:63,0
DA:64,0
DA:65,0
DA:67,0
DA:74,0
DA:79,0
LF:33
LH:5
BRDA:22,0,0,0
BRDA:22,0,1,0
BRDA:23,1,0,0
BRDA:23,1,1,0
BRDA:41,2,0,0
BRDA:41,2,1,0
BRDA:59,3,0,0
BRDA:59,3,1,0
BRDA:59,4,0,0
BRDA:59,4,1,0
BRDA:63,5,0,0
BRDA:63,5,1,0
BRDA:64,6,0,0
BRDA:64,6,1,0
BRDA:65,7,0,0
BRDA:65,7,1,0
BRF:16
BRH:0
end_of_record
TN:
SF:src\controllers\userControllers\notification.controller.ts
FN:6,(anonymous_1)
FN:20,(anonymous_2)
FN:33,(anonymous_3)
FN:46,(anonymous_4)
FN:57,(anonymous_5)
FNF:5
FNH:0
FNDA:0,(anonymous_1)
FNDA:0,(anonymous_2)
FNDA:0,(anonymous_3)
FNDA:0,(anonymous_4)
FNDA:0,(anonymous_5)
DA:2,2
DA:4,2
DA:6,2
DA:7,0
DA:8,0
DA:9,0
DA:14,0
DA:20,2
DA:21,0
DA:22,0
DA:23,0
DA:27,0
DA:33,2
DA:34,0
DA:35,0
DA:36,0
DA:40,0
DA:46,2
DA:47,0
DA:48,0
DA:51,0
DA:57,2
DA:58,0
DA:59,0
DA:62,0
LF:25
LH:7
BRF:0
BRH:0
end_of_record
TN:
SF:src\controllers\userControllers\personalActivity.controller.ts
FN:4,(anonymous_1)
FN:26,(anonymous_2)
FN:43,(anonymous_3)
FN:60,(anonymous_4)
FN:76,(anonymous_5)
FNF:5
FNH:0
FNDA:0,(anonymous_1)
FNDA:0,(anonymous_2)
FNDA:0,(anonymous_3)
FNDA:0,(anonymous_4)
FNDA:0,(anonymous_5)
DA:2,2
DA:4,2
DA:5,0
DA:6,0
DA:7,0
DA:9,0
DA:17,0
DA:22,0
DA:26,2
DA:27,0
DA:28,0
DA:29,0
DA:30,0
DA:32,0
DA:34,0
DA:39,0
DA:43,2
DA:44,0
DA:45,0
DA:46,0
DA:47,0
DA:49,0
DA:51,0
DA:56,0
DA:60,2
DA:61,0
DA:62,0
DA:63,0
DA:65,0
DA:67,0
DA:72,0
DA:76,2
DA:77,0
DA:78,0
DA:79,0
DA:80,0
DA:81,0
DA:82,0
DA:83,0
DA:85,0
DA:94,0
DA:99,0
LF:42
LH:6
BRDA:79,0,0,0
BRDA:79,0,1,0
BRDA:80,1,0,0
BRDA:80,1,1,0
BRDA:81,2,0,0
BRDA:81,2,1,0
BRDA:82,3,0,0
BRDA:82,3,1,0
BRDA:83,4,0,0
BRDA:83,4,1,0
BRF:10
BRH:0
end_of_record
TN:
SF:src\controllers\userControllers\personalDashboard.controller.ts
FN:5,(anonymous_1)
FN:14,(anonymous_2)
FN:24,(anonymous_3)
FN:33,(anonymous_4)
FN:43,(anonymous_5)
FN:52,(anonymous_6)
FN:62,(anonymous_7)
FNF:7
FNH:0
FNDA:0,(anonymous_1)
FNDA:0,(anonymous_2)
FNDA:0,(anonymous_3)
FNDA:0,(anonymous_4)
FNDA:0,(anonymous_5)
FNDA:0,(anonymous_6)
FNDA:0,(anonymous_7)
DA:3,2
DA:5,2
DA:6,0
DA:7,0
DA:8,0
DA:14,2
DA:15,0
DA:16,0
DA:17,0
DA:18,0
DA:24,2
DA:25,0
DA:26,0
DA:27,0
DA:33,2
DA:34,0
DA:35,0
DA:36,0
DA:37,0
DA:43,2
DA:44,0
DA:45,0
DA:46,0
DA:52,2
DA:53,0
DA:54,0
DA:55,0
DA:56,0
DA:62,2
DA:63,0
DA:64,0
DA:65,0
DA:66,0
DA:67,0
DA:68,0
LF:35
LH:8
BRDA:16,0,0,0
BRDA:35,1,0,0
BRDA:35,2,0,0
BRDA:54,3,0,0
BRDA:64,4,0,0
BRDA:64,4,1,0
BRDA:65,5,0,0
BRDA:65,5,1,0
BRDA:66,6,0,0
BRDA:66,6,1,0
BRF:10
BRH:0
end_of_record
TN:
SF:src\controllers\userControllers\post.controller.ts
FN:9,(anonymous_1)
FN:28,(anonymous_2)
FN:46,(anonymous_3)
FN:57,(anonymous_4)
FN:68,(anonymous_5)
FN:79,(anonymous_6)
FN:90,(anonymous_7)
FN:100,(anonymous_8)
FN:115,(anonymous_9)
FN:128,(anonymous_10)
FN:142,(anonymous_11)
FN:156,(anonymous_12)
FN:172,(anonymous_13)
FN:183,(anonymous_14)
FN:198,(anonymous_15)
FN:215,(anonymous_16)
FN:226,(anonymous_17)
FN:237,(anonymous_18)
FN:248,(anonymous_19)
FN:264,(anonymous_20)
FNF:20
FNH:0
FNDA:0,(anonymous_1)
FNDA:0,(anonymous_2)
FNDA:0,(anonymous_3)
FNDA:0,(anonymous_4)
FNDA:0,(anonymous_5)
FNDA:0,(anonymous_6)
FNDA:0,(anonymous_7)
FNDA:0,(anonymous_8)
FNDA:0,(anonymous_9)
FNDA:0,(anonymous_10)
FNDA:0,(anonymous_11)
FNDA:0,(anonymous_12)
FNDA:0,(anonymous_13)
FNDA:0,(anonymous_14)
FNDA:0,(anonymous_15)
FNDA:0,(anonymous_16)
FNDA:0,(anonymous_17)
FNDA:0,(anonymous_18)
FNDA:0,(anonymous_19)
FNDA:0,(anonymous_20)
DA:3,2
DA:4,2
DA:6,2
DA:7,2
DA:9,2
DA:10,0
DA:11,0
DA:12,0
DA:13,0
DA:14,0
DA:20,0
DA:22,0
DA:28,2
DA:29,0
DA:30,0
DA:31,0
DA:37,0
DA:38,0
DA:40,0
DA:46,2
DA:47,0
DA:48,0
DA:49,0
DA:51,0
DA:57,2
DA:58,0
DA:59,0
DA:60,0
DA:62,0
DA:68,2
DA:69,0
DA:70,0
DA:71,0
DA:73,0
DA:79,2
DA:80,0
DA:81,0
DA:82,0
DA:84,0
DA:90,2
DA:91,0
DA:92,0
DA:94,0
DA:100,2
DA:101,0
DA:102,0
DA:103,0
DA:109,0
DA:115,2
DA:116,0
DA:117,0
DA:122,0
DA:128,2
DA:129,0
DA:130,0
DA:136,0
DA:142,2
DA:143,0
DA:144,0
DA:150,0
DA:156,2
DA:157,0
DA:158,0
DA:160,0
DA:166,0
DA:172,2
DA:173,0
DA:174,0
DA:175,0
DA:177,0
DA:183,2
DA:184,0
DA:185,0
DA:186,0
DA:192,0
DA:198,2
DA:199,0
DA:200,0
DA:201,0
DA:202,0
DA:209,0
DA:215,2
DA:216,0
DA:217,0
DA:218,0
DA:220,0
DA:226,2
DA:227,0
DA:228,0
DA:229,0
DA:231,0
DA:237,2
DA:238,0
DA:239,0
DA:240,0
DA:242,0
DA:248,2
DA:249,0
DA:250,0
DA:251,0
DA:258,0
DA:264,2
DA:265,0
DA:266,0
DA:267,0
DA:273,0
LF:106
LH:24
BRDA:10,0,0,0
BRDA:10,0,1,0
BRDA:13,1,0,0
BRDA:13,1,1,0
BRDA:13,2,0,0
BRDA:13,2,1,0
BRDA:30,3,0,0
BRDA:30,3,1,0
BRDA:37,4,0,0
BRDA:37,4,1,0
BRDA:118,5,0,0
BRDA:118,5,1,0
BRDA:119,6,0,0
BRDA:119,6,1,0
BRF:14
BRH:0
end_of_record
TN:
SF:src\controllers\userControllers\savedWorkoutTemplate.controller.ts
FN:7,(anonymous_1)
FN:17,(anonymous_2)
FN:27,(anonymous_3)
FN:39,(anonymous_4)
FN:49,(anonymous_5)
FNF:5
FNH:0
FNDA:0,(anonymous_1)
FNDA:0,(anonymous_2)
FNDA:0,(anonymous_3)
FNDA:0,(anonymous_4)
FNDA:0,(anonymous_5)
DA:3,2
DA:4,2
DA:7,2
DA:8,0
DA:9,0
DA:10,0
DA:17,2
DA:18,0
DA:19,0
DA:20,0
DA:27,2
DA:28,0
DA:29,0
DA:30,0
DA:31,0
DA:32,0
DA:39,2
DA:40,0
DA:41,0
DA:42,0
DA:43,0
DA:49,2
DA:50,0
DA:51,0
DA:52,0
DA:57,0
LF:26
LH:7
BRF:0
BRH:0
end_of_record
TN:
SF:src\controllers\userControllers\search.controller.ts
FN:6,(anonymous_1)
FNF:1
FNH:0
FNDA:0,(anonymous_1)
DA:2,2
DA:4,2
DA:6,2
DA:7,0
DA:8,0
DA:9,0
DA:13,0
LF:7
LH:3
BRF:0
BRH:0
end_of_record
TN:
SF:src\controllers\userControllers\sportEvent.controller.ts
FN:5,(anonymous_1)
FN:33,(anonymous_2)
FN:56,(anonymous_3)
FN:106,(anonymous_4)
FN:133,(anonymous_5)
FN:158,(anonymous_6)
FN:181,(anonymous_7)
FN:204,(anonymous_8)
FN:227,(anonymous_9)
FN:256,(anonymous_10)
FN:281,(anonymous_11)
FN:306,(anonymous_12)
FN:323,(anonymous_13)
FN:348,(anonymous_14)
FNF:14
FNH:0
FNDA:0,(anonymous_1)
FNDA:0,(anonymous_2)
FNDA:0,(anonymous_3)
FNDA:0,(anonymous_4)
FNDA:0,(anonymous_5)
FNDA:0,(anonymous_6)
FNDA:0,(anonymous_7)
FNDA:0,(anonymous_8)
FNDA:0,(anonymous_9)
FNDA:0,(anonymous_10)
FNDA:0,(anonymous_11)
FNDA:0,(anonymous_12)
FNDA:0,(anonymous_13)
FNDA:0,(anonymous_14)
DA:2,2
DA:3,2
DA:5,2
DA:6,0
DA:7,0
DA:8,0
DA:9,0
DA:22,0
DA:27,0
DA:33,2
DA:34,0
DA:35,0
DA:36,0
DA:37,0
DA:38,0
DA:44,0
DA:45,0
DA:50,0
DA:56,2
DA:57,0
DA:58,0
DA:59,0
DA:60,0
DA:62,0
DA:63,0
DA:64,0
DA:70,0
DA:71,0
DA:76,0
DA:94,0
DA:99,0
DA:100,0
DA:106,2
DA:107,0
DA:108,0
DA:109,0
DA:110,0
DA:113,0
DA:114,0
DA:115,0
DA:116,0
DA:121,0
DA:122,0
DA:127,0
DA:133,2
DA:134,0
DA:135,0
DA:136,0
DA:139,0
DA:140,0
DA:141,0
DA:142,0
DA:147,0
DA:148,0
DA:152,0
DA:158,2
DA:159,0
DA:160,0
DA:161,0
DA:163,0
DA:164,0
DA:169,0
DA:170,0
DA:175,0
DA:181,2
DA:182,0
DA:183,0
DA:184,0
DA:186,0
DA:187,0
DA:192,0
DA:193,0
DA:198,0
DA:204,2
DA:205,0
DA:206,0
DA:207,0
DA:209,0
DA:210,0
DA:215,0
DA:216,0
DA:221,0
DA:227,2
DA:228,0
DA:229,0
DA:230,0
DA:232,0
DA:233,0
DA:238,0
DA:245,0
DA:250,0
DA:256,2
DA:257,0
DA:258,0
DA:259,0
DA:261,0
DA:262,0
DA:267,0
DA:268,0
DA:270,0
DA:275,0
DA:281,2
DA:282,0
DA:283,0
DA:284,0
DA:285,0
DA:287,0
DA:288,0
DA:290,0
DA:291,0
DA:294,0
DA:295,0
DA:300,0
DA:306,2
DA:307,0
DA:308,0
DA:309,0
DA:311,0
DA:312,0
DA:317,0
DA:323,2
DA:324,0
DA:325,0
DA:326,0
DA:327,0
DA:329,0
DA:330,0
DA:332,0
DA:333,0
DA:336,0
DA:337,0
DA:342,0
DA:348,2
DA:349,0
DA:350,0
DA:351,0
DA:353,0
DA:354,0
DA:357,0
DA:363,0
LF:140
LH:16
BRDA:10,0,0,0
BRDA:10,0,1,0
BRDA:11,1,0,0
BRDA:11,1,1,0
BRDA:44,2,0,0
BRDA:44,2,1,0
BRDA:62,3,0,0
BRDA:62,3,1,0
BRDA:70,4,0,0
BRDA:70,4,1,0
BRDA:70,5,0,0
BRDA:70,5,1,0
BRDA:70,5,2,0
BRDA:70,5,3,0
BRDA:70,5,4,0
BRDA:70,5,5,0
BRDA:70,5,6,0
BRDA:70,5,7,0
BRDA:88,6,0,0
BRDA:88,6,1,0
BRDA:101,7,0,0
BRDA:101,7,1,0
BRDA:114,8,0,0
BRDA:114,8,1,0
BRDA:115,9,0,0
BRDA:115,9,1,0
BRDA:140,10,0,0
BRDA:140,10,1,0
BRDA:141,11,0,0
BRDA:141,11,1,0
BRDA:163,12,0,0
BRDA:163,12,1,0
BRDA:186,13,0,0
BRDA:186,13,1,0
BRDA:209,14,0,0
BRDA:209,14,1,0
BRDA:215,15,0,0
BRDA:215,15,1,0
BRDA:215,16,0,0
BRDA:215,16,1,0
BRDA:232,17,0,0
BRDA:232,17,1,0
BRDA:238,18,0,0
BRDA:238,18,1,0
BRDA:238,19,0,0
BRDA:238,19,1,0
BRDA:261,20,0,0
BRDA:261,20,1,0
BRDA:267,21,0,0
BRDA:267,21,1,0
BRDA:287,22,0,0
BRDA:287,22,1,0
BRDA:290,23,0,0
BRDA:290,23,1,0
BRDA:311,24,0,0
BRDA:311,24,1,0
BRDA:311,25,0,0
BRDA:311,25,1,0
BRDA:329,26,0,0
BRDA:329,26,1,0
BRDA:332,27,0,0
BRDA:332,27,1,0
BRDA:353,28,0,0
BRDA:353,28,1,0
BRDA:360,29,0,0
BRDA:360,29,1,0
BRF:66
BRH:0
end_of_record
TN:
SF:src\controllers\userControllers\sportEventAttendance.controller.ts
FN:4,(anonymous_1)
FN:22,(anonymous_2)
FN:40,(anonymous_3)
FN:58,(anonymous_4)
FN:75,(anonymous_5)
FN:92,(anonymous_6)
FNF:6
FNH:0
FNDA:0,(anonymous_1)
FNDA:0,(anonymous_2)
FNDA:0,(anonymous_3)
FNDA:0,(anonymous_4)
FNDA:0,(anonymous_5)
FNDA:0,(anonymous_6)
DA:2,2
DA:4,2
DA:5,0
DA:6,0
DA:7,0
DA:9,0
DA:11,0
DA:16,0
DA:22,2
DA:23,0
DA:24,0
DA:25,0
DA:27,0
DA:29,0
DA:34,0
DA:40,2
DA:41,0
DA:42,0
DA:43,0
DA:45,0
DA:47,0
DA:52,0
DA:58,2
DA:59,0
DA:60,0
DA:62,0
DA:64,0
DA:69,0
DA:75,2
DA:76,0
DA:77,0
DA:79,0
DA:81,0
DA:86,0
DA:92,2
DA:93,0
DA:94,0
DA:95,0
DA:97,0
DA:99,0
DA:104,0
LF:41
LH:7
BRF:0
BRH:0
end_of_record
TN:
SF:src\controllers\userControllers\sportEventComment.controller.ts
FN:4,(anonymous_1)
FN:27,(anonymous_2)
FN:48,(anonymous_3)
FN:69,(anonymous_4)
FNF:4
FNH:0
FNDA:0,(anonymous_1)
FNDA:0,(anonymous_2)
FNDA:0,(anonymous_3)
FNDA:0,(anonymous_4)
DA:2,2
DA:4,2
DA:5,0
DA:6,0
DA:7,0
DA:9,0
DA:16,0
DA:21,0
DA:27,2
DA:28,0
DA:29,0
DA:30,0
DA:32,0
DA:37,0
DA:42,0
DA:48,2
DA:49,0
DA:50,0
DA:51,0
DA:53,0
DA:58,0
DA:63,0
DA:69,2
DA:70,0
DA:71,0
DA:72,0
DA:74,0
DA:76,0
DA:80,0
LF:29
LH:5
BRDA:33,0,0,0
BRDA:33,0,1,0
BRDA:34,1,0,0
BRDA:34,1,1,0
BRDA:54,2,0,0
BRDA:54,2,1,0
BRDA:55,3,0,0
BRDA:55,3,1,0
BRF:8
BRH:0
end_of_record
TN:
SF:src\controllers\userControllers\sportEventPost.controller.ts
FN:5,(anonymous_1)
FN:35,(anonymous_2)
FN:56,(anonymous_3)
FN:78,(anonymous_4)
FN:99,(anonymous_5)
FN:117,(anonymous_6)
FN:134,(anonymous_7)
FNF:7
FNH:0
FNDA:0,(anonymous_1)
FNDA:0,(anonymous_2)
FNDA:0,(anonymous_3)
FNDA:0,(anonymous_4)
FNDA:0,(anonymous_5)
FNDA:0,(anonymous_6)
FNDA:0,(anonymous_7)
DA:2,2
DA:3,2
DA:5,2
DA:6,0
DA:7,0
DA:8,0
DA:9,0
DA:11,0
DA:12,0
DA:17,0
DA:24,0
DA:29,0
DA:35,2
DA:36,0
DA:37,0
DA:38,0
DA:40,0
DA:45,0
DA:50,0
DA:56,2
DA:57,0
DA:58,0
DA:59,0
DA:60,0
DA:62,0
DA:67,0
DA:72,0
DA:78,2
DA:79,0
DA:80,0
DA:81,0
DA:84,0
DA:85,0
DA:87,0
DA:89,0
DA:93,0
DA:99,2
DA:100,0
DA:101,0
DA:102,0
DA:104,0
DA:106,0
DA:111,0
DA:117,2
DA:118,0
DA:119,0
DA:121,0
DA:123,0
DA:128,0
DA:134,2
DA:135,0
DA:136,0
DA:137,0
DA:139,0
DA:141,0
DA:146,0
LF:56
LH:9
BRDA:11,0,0,0
BRDA:11,0,1,0
BRDA:11,1,0,0
BRDA:11,1,1,0
BRDA:41,2,0,0
BRDA:41,2,1,0
BRDA:42,3,0,0
BRDA:42,3,1,0
BRDA:108,4,0,0
BRDA:108,4,1,0
BRF:10
BRH:0
end_of_record
TN:
SF:src\controllers\userControllers\sportEventProgress.controller.ts
FN:4,(anonymous_1)
FN:39,(anonymous_2)
FN:57,(anonymous_3)
FN:78,(anonymous_4)
FN:102,(anonymous_5)
FN:121,(anonymous_6)
FN:138,(anonymous_7)
FN:155,(anonymous_8)
FNF:8
FNH:0
FNDA:0,(anonymous_1)
FNDA:0,(anonymous_2)
FNDA:0,(anonymous_3)
FNDA:0,(anonymous_4)
FNDA:0,(anonymous_5)
FNDA:0,(anonymous_6)
FNDA:0,(anonymous_7)
FNDA:0,(anonymous_8)
DA:2,2
DA:4,2
DA:5,0
DA:6,0
DA:7,0
DA:8,0
DA:10,0
DA:11,0
DA:16,0
DA:28,0
DA:33,0
DA:39,2
DA:40,0
DA:41,0
DA:42,0
DA:44,0
DA:46,0
DA:51,0
DA:57,2
DA:58,0
DA:59,0
DA:60,0
DA:62,0
DA:67,0
DA:72,0
DA:78,2
DA:79,0
DA:80,0
DA:81,0
DA:83,0
DA:91,0
DA:96,0
DA:102,2
DA:103,0
DA:104,0
DA:105,0
DA:106,0
DA:108,0
DA:110,0
DA:115,0
DA:121,2
DA:122,0
DA:123,0
DA:124,0
DA:126,0
DA:128,0
DA:132,0
DA:138,2
DA:139,0
DA:140,0
DA:142,0
DA:144,0
DA:149,0
DA:155,2
DA:156,0
DA:157,0
DA:158,0
DA:159,0
DA:161,0
DA:162,0
DA:165,0
DA:177,0
DA:182,0
DA:183,0
DA:184,0
DA:186,0
DA:187,0
DA:189,0
LF:68
LH:9
BRDA:10,0,0,0
BRDA:10,0,1,0
BRDA:10,1,0,0
BRDA:10,1,1,0
BRDA:84,2,0,0
BRDA:84,2,1,0
BRDA:85,3,0,0
BRDA:85,3,1,0
BRDA:161,4,0,0
BRDA:161,4,1,0
BRDA:170,5,0,0
BRDA:170,5,1,0
BRDA:171,6,0,0
BRDA:171,6,1,0
BRDA:183,7,0,0
BRDA:183,7,1,0
BRDA:186,8,0,0
BRDA:186,8,1,0
BRF:18
BRH:0
end_of_record
TN:
SF:src\controllers\userControllers\sportEventSession.controller.ts
FN:5,(anonymous_1)
FN:21,(anonymous_2)
FN:37,(anonymous_3)
FN:75,(anonymous_4)
FN:104,(anonymous_5)
FN:131,(anonymous_6)
FN:147,(anonymous_7)
FNF:7
FNH:0
FNDA:0,(anonymous_1)
FNDA:0,(anonymous_2)
FNDA:0,(anonymous_3)
FNDA:0,(anonymous_4)
FNDA:0,(anonymous_5)
FNDA:0,(anonymous_6)
FNDA:0,(anonymous_7)
DA:2,2
DA:3,2
DA:5,2
DA:6,0
DA:7,0
DA:8,0
DA:10,0
DA:15,0
DA:21,2
DA:22,0
DA:23,0
DA:24,0
DA:26,0
DA:31,0
DA:37,2
DA:38,0
DA:39,0
DA:40,0
DA:41,0
DA:44,0
DA:45,0
DA:46,0
DA:49,0
DA:50,0
DA:53,0
DA:64,0
DA:69,0
DA:75,2
DA:76,0
DA:77,0
DA:78,0
DA:79,0
DA:82,0
DA:83,0
DA:84,0
DA:87,0
DA:88,0
DA:91,0
DA:93,0
DA:98,0
DA:104,2
DA:105,0
DA:106,0
DA:107,0
DA:110,0
DA:111,0
DA:112,0
DA:115,0
DA:116,0
DA:119,0
DA:121,0
DA:125,0
DA:131,2
DA:132,0
DA:133,0
DA:134,0
DA:136,0
DA:141,0
DA:147,2
DA:148,0
DA:149,0
DA:150,0
DA:153,0
DA:154,0
DA:155,0
DA:158,0
DA:159,0
DA:162,0
DA:164,0
DA:169,0
LF:70
LH:9
BRDA:45,0,0,0
BRDA:45,0,1,0
BRDA:49,1,0,0
BRDA:49,1,1,0
BRDA:83,2,0,0
BRDA:83,2,1,0
BRDA:87,3,0,0
BRDA:87,3,1,0
BRDA:111,4,0,0
BRDA:111,4,1,0
BRDA:115,5,0,0
BRDA:115,5,1,0
BRDA:154,6,0,0
BRDA:154,6,1,0
BRDA:158,7,0,0
BRDA:158,7,1,0
BRF:16
BRH:0
end_of_record
TN:
SF:src\controllers\userControllers\sportEventVideoSession.controller.ts
FN:5,(anonymous_1)
FN:29,(anonymous_2)
FN:67,(anonymous_3)
FN:86,(anonymous_4)
FN:109,(anonymous_5)
FN:131,(anonymous_6)
FN:150,(anonymous_7)
FN:169,(anonymous_8)
FNF:8
FNH:0
FNDA:0,(anonymous_1)
FNDA:0,(anonymous_2)
FNDA:0,(anonymous_3)
FNDA:0,(anonymous_4)
FNDA:0,(anonymous_5)
FNDA:0,(anonymous_6)
FNDA:0,(anonymous_7)
FNDA:0,(anonymous_8)
DA:2,2
DA:5,2
DA:6,0
DA:7,0
DA:8,0
DA:9,0
DA:11,0
DA:17,0
DA:22,0
DA:29,2
DA:30,0
DA:31,0
DA:32,0
DA:33,0
DA:36,0
DA:37,0
DA:39,0
DA:40,0
DA:42,0
DA:43,0
DA:46,0
DA:55,0
DA:60,0
DA:67,2
DA:68,0
DA:69,0
DA:70,0
DA:72,0
DA:74,0
DA:79,0
DA:86,2
DA:87,0
DA:88,0
DA:89,0
DA:91,0
DA:93,0
DA:94,0
DA:97,0
DA:102,0
DA:109,2
DA:110,0
DA:111,0
DA:112,0
DA:114,0
DA:119,0
DA:124,0
DA:131,2
DA:132,0
DA:133,0
DA:134,0
DA:136,0
DA:138,0
DA:143,0
DA:150,2
DA:151,0
DA:152,0
DA:153,0
DA:154,0
DA:156,0
DA:162,0
DA:164,0
DA:169,2
DA:170,0
DA:171,0
DA:172,0
DA:174,0
DA:176,0
DA:181,0
LF:68
LH:9
BRDA:36,0,0,0
BRDA:36,0,1,0
BRDA:36,1,0,0
BRDA:36,1,1,0
BRDA:39,2,0,0
BRDA:39,2,1,0
BRDA:39,3,0,0
BRDA:39,3,1,0
BRDA:42,4,0,0
BRDA:42,4,1,0
BRDA:42,5,0,0
BRDA:42,5,1,0
BRDA:52,6,0,0
BRDA:52,6,1,0
BRDA:89,7,0,0
BRDA:89,7,1,0
BRDA:93,8,0,0
BRDA:93,8,1,0
BRDA:121,9,0,0
BRDA:121,9,1,0
BRF:20
BRH:0
end_of_record
TN:
SF:src\controllers\userControllers\training.controller.ts
FN:4,(anonymous_1)
FN:20,(anonymous_2)
FN:29,(anonymous_3)
FN:51,(anonymous_4)
FN:60,(anonymous_5)
FN:69,(anonymous_6)
FN:78,(anonymous_7)
FN:87,(anonymous_8)
FN:96,(anonymous_9)
FNF:9
FNH:0
FNDA:0,(anonymous_1)
FNDA:0,(anonymous_2)
FNDA:0,(anonymous_3)
FNDA:0,(anonymous_4)
FNDA:0,(anonymous_5)
FNDA:0,(anonymous_6)
FNDA:0,(anonymous_7)
FNDA:0,(anonymous_8)
FNDA:0,(anonymous_9)
DA:2,2
DA:4,2
DA:5,0
DA:6,0
DA:8,0
DA:17,0
DA:20,2
DA:21,0
DA:22,0
DA:24,0
DA:26,0
DA:29,2
DA:30,0
DA:32,0
DA:34,0
DA:48,0
DA:51,2
DA:52,0
DA:53,0
DA:55,0
DA:57,0
DA:60,2
DA:61,0
DA:62,0
DA:64,0
DA:66,0
DA:69,2
DA:70,0
DA:71,0
DA:73,0
DA:75,0
DA:78,2
DA:79,0
DA:80,0
DA:82,0
DA:84,0
DA:87,2
DA:88,0
DA:89,0
DA:91,0
DA:93,0
DA:96,2
DA:97,0
DA:98,0
DA:100,0
DA:102,0
LF:46
LH:10
BRDA:6,0,0,0
BRDA:6,0,1,0
BRDA:9,1,0,0
BRDA:9,1,1,0
BRDA:10,2,0,0
BRDA:10,2,1,0
BRDA:22,3,0,0
BRDA:22,3,1,0
BRDA:30,4,0,0
BRDA:30,4,1,0
BRDA:53,5,0,0
BRDA:53,5,1,0
BRDA:62,6,0,0
BRDA:62,6,1,0
BRDA:71,7,0,0
BRDA:71,7,1,0
BRDA:80,8,0,0
BRDA:80,8,1,0
BRDA:88,9,0,0
BRDA:88,9,1,0
BRDA:91,10,0,0
BRDA:91,10,1,0
BRDA:91,11,0,0
BRDA:91,11,1,0
BRDA:100,12,0,0
BRDA:100,12,1,0
BRDA:100,13,0,0
BRDA:100,13,1,0
BRF:28
BRH:0
end_of_record
TN:
SF:src\controllers\userControllers\user.controller.ts
FN:8,(anonymous_1)
FN:19,(anonymous_2)
FN:32,(anonymous_3)
FN:51,(anonymous_4)
FN:64,(anonymous_5)
FN:77,(anonymous_6)
FN:90,(anonymous_7)
FN:103,(anonymous_8)
FN:116,(anonymous_9)
FN:133,(anonymous_10)
FN:145,(anonymous_11)
FN:159,(anonymous_12)
FN:170,(anonymous_13)
FN:181,(anonymous_14)
FN:195,(anonymous_15)
FN:206,(anonymous_16)
FNF:16
FNH:0
FNDA:0,(anonymous_1)
FNDA:0,(anonymous_2)
FNDA:0,(anonymous_3)
FNDA:0,(anonymous_4)
FNDA:0,(anonymous_5)
FNDA:0,(anonymous_6)
FNDA:0,(anonymous_7)
FNDA:0,(anonymous_8)
FNDA:0,(anonymous_9)
FNDA:0,(anonymous_10)
FNDA:0,(anonymous_11)
FNDA:0,(anonymous_12)
FNDA:0,(anonymous_13)
FNDA:0,(anonymous_14)
FNDA:0,(anonymous_15)
FNDA:0,(anonymous_16)
DA:2,2
DA:3,2
DA:5,2
DA:6,2
DA:8,2
DA:9,0
DA:10,0
DA:13,0
DA:19,2
DA:20,0
DA:21,0
DA:22,0
DA:26,0
DA:32,2
DA:33,0
DA:34,0
DA:35,0
DA:36,0
DA:41,0
DA:45,0
DA:51,2
DA:52,0
DA:53,0
DA:54,0
DA:58,0
DA:64,2
DA:65,0
DA:66,0
DA:67,0
DA:71,0
DA:77,2
DA:78,0
DA:79,0
DA:80,0
DA:84,0
DA:90,2
DA:91,0
DA:92,0
DA:93,0
DA:97,0
DA:103,2
DA:104,0
DA:105,0
DA:106,0
DA:110,0
DA:116,2
DA:117,0
DA:118,0
DA:119,0
DA:127,0
DA:133,2
DA:134,0
DA:135,0
DA:139,0
DA:145,2
DA:146,0
DA:147,0
DA:148,0
DA:153,0
DA:159,2
DA:160,0
DA:161,0
DA:164,0
DA:170,2
DA:171,0
DA:172,0
DA:175,0
DA:181,2
DA:182,0
DA:183,0
DA:184,0
DA:189,0
DA:195,2
DA:196,0
DA:197,0
DA:200,0
DA:206,2
DA:207,0
DA:208,0
DA:209,0
DA:210,0
DA:211,0
DA:212,0
DA:213,0
DA:215,0
DA:216,0
DA:217,0
DA:222,0
DA:223,0
DA:224,0
DA:225,0
DA:226,0
DA:227,0
DA:234,0
DA:241,0
LF:95
LH:20
BRDA:35,0,0,0
BRDA:35,0,1,0
BRDA:123,1,0,0
BRDA:123,1,1,0
BRDA:210,2,0,0
BRDA:210,2,1,0
BRDA:211,3,0,0
BRDA:211,3,1,0
BRDA:212,4,0,0
BRDA:212,4,1,0
BRDA:213,5,0,0
BRDA:213,5,1,0
BRDA:215,6,0,0
BRDA:215,6,1,0
BRDA:216,7,0,0
BRDA:216,7,1,0
BRDA:216,8,0,0
BRDA:216,8,1,0
BRDA:226,9,0,0
BRDA:226,9,1,0
BRF:20
BRH:0
end_of_record
TN:
SF:src\controllers\userControllers\workoutSchedule.controller.ts
FN:7,(anonymous_1)
FN:26,(anonymous_2)
FN:45,(anonymous_3)
FN:60,(anonymous_4)
FN:76,(anonymous_5)
FN:89,(anonymous_6)
FN:94,(anonymous_7)
FN:113,(anonymous_8)
FN:127,(anonymous_9)
FN:140,(anonymous_10)
FN:154,(anonymous_11)
FNF:11
FNH:0
FNDA:0,(anonymous_1)
FNDA:0,(anonymous_2)
FNDA:0,(anonymous_3)
FNDA:0,(anonymous_4)
FNDA:0,(anonymous_5)
FNDA:0,(anonymous_6)
FNDA:0,(anonymous_7)
FNDA:0,(anonymous_8)
FNDA:0,(anonymous_9)
FNDA:0,(anonymous_10)
FNDA:0,(anonymous_11)
DA:3,2
DA:5,2
DA:7,2
DA:8,0
DA:9,0
DA:11,0
DA:20,0
DA:26,2
DA:27,0
DA:28,0
DA:29,0
DA:31,0
DA:39,0
DA:45,2
DA:46,0
DA:47,0
DA:49,0
DA:54,0
DA:60,2
DA:61,0
DA:62,0
DA:64,0
DA:70,0
DA:76,2
DA:77,0
DA:78,0
DA:79,0
DA:83,0
DA:89,2
DA:90,0
DA:91,0
DA:92,0
DA:100,0
DA:107,0
DA:113,2
DA:114,0
DA:115,0
DA:121,0
DA:127,2
DA:128,0
DA:130,0
DA:134,0
DA:140,2
DA:141,0
DA:143,0
DA:148,0
DA:154,2
DA:155,0
DA:156,0
DA:157,0
DA:162,0
LF:51
LH:12
BRF:0
BRH:0
end_of_record
TN:
SF:src\controllers\userControllers\workoutSession.controller.ts
FN:4,(anonymous_1)
FN:22,(anonymous_2)
FN:44,(anonymous_3)
FN:66,(anonymous_4)
FN:89,(anonymous_5)
FN:111,(anonymous_6)
FNF:6
FNH:0
FNDA:0,(anonymous_1)
FNDA:0,(anonymous_2)
FNDA:0,(anonymous_3)
FNDA:0,(anonymous_4)
FNDA:0,(anonymous_5)
FNDA:0,(anonymous_6)
DA:2,2
DA:4,2
DA:5,0
DA:6,0
DA:7,0
DA:8,0
DA:10,0
DA:11,0
DA:16,0
DA:22,2
DA:23,0
DA:24,0
DA:25,0
DA:26,0
DA:28,0
DA:29,0
DA:30,0
DA:31,0
DA:33,0
DA:38,0
DA:44,2
DA:45,0
DA:46,0
DA:47,0
DA:48,0
DA:50,0
DA:51,0
DA:52,0
DA:53,0
DA:55,0
DA:60,0
DA:66,2
DA:67,0
DA:68,0
DA:69,0
DA:70,0
DA:72,0
DA:73,0
DA:74,0
DA:75,0
DA:76,0
DA:77,0
DA:78,0
DA:83,0
DA:89,2
DA:90,0
DA:91,0
DA:92,0
DA:93,0
DA:95,0
DA:96,0
DA:97,0
DA:98,0
DA:100,0
DA:105,0
DA:111,2
DA:112,0
DA:113,0
DA:114,0
DA:115,0
DA:117,0
DA:118,0
DA:119,0
DA:120,0
DA:122,0
DA:127,0
LF:66
LH:7
BRDA:7,0,0,0
BRDA:7,0,1,0
BRDA:25,1,0,0
BRDA:25,1,1,0
BRDA:30,2,0,0
BRDA:30,2,1,0
BRDA:47,3,0,0
BRDA:47,3,1,0
BRDA:52,4,0,0
BRDA:52,4,1,0
BRDA:69,5,0,0
BRDA:69,5,1,0
BRDA:72,6,0,0
BRDA:72,6,1,0
BRDA:73,7,0,0
BRDA:73,7,1,0
BRDA:74,8,0,0
BRDA:74,8,1,0
BRDA:75,9,0,0
BRDA:75,9,1,0
BRDA:76,10,0,0
BRDA:76,10,1,0
BRDA:92,11,0,0
BRDA:92,11,1,0
BRDA:97,12,0,0
BRDA:97,12,1,0
BRDA:114,13,0,0
BRDA:114,13,1,0
BRDA:119,14,0,0
BRDA:119,14,1,0
BRF:30
BRH:0
end_of_record
TN:
SF:src\middlewares\activity.middleware.ts
FNF:0
FNH:0
DA:1,2
DA:2,2
DA:4,2
LF:3
LH:3
BRF:0
BRH:0
end_of_record
TN:
SF:src\middlewares\authAdmin.middleware.ts
FN:15,(anonymous_1)
FNF:1
FNH:0
FNDA:0,(anonymous_1)
DA:1,2
DA:2,2
DA:3,2
DA:4,2
DA:5,2
DA:6,2
DA:8,2
DA:16,0
DA:17,0
DA:18,0
DA:19,0
DA:21,0
DA:22,0
DA:24,0
DA:25,0
DA:27,0
DA:28,0
DA:29,0
DA:31,0
LF:19
LH:7
BRDA:18,0,0,0
BRDA:18,0,1,0
BRDA:21,1,0,0
BRDA:21,1,1,0
BRDA:24,2,0,0
BRDA:24,2,1,0
BRDA:24,3,0,0
BRDA:24,3,1,0
BRDA:28,4,0,0
BRDA:28,4,1,0
BRF:10
BRH:0
end_of_record
TN:
SF:src\middlewares\authUser.middleware.ts
FN:17,(anonymous_1)
FN:18,(anonymous_2)
FN:19,(anonymous_3)
FN:27,(anonymous_4)
FN:57,(anonymous_5)
FN:97,(anonymous_6)
FN:146,(anonymous_7)
FN:184,(anonymous_8)
FN:224,(anonymous_9)
FN:270,(anonymous_10)
FN:301,(anonymous_11)
FNF:11
FNH:6
FNDA:1,(anonymous_1)
FNDA:1,(anonymous_2)
FNDA:1,(anonymous_3)
FNDA:2,(anonymous_4)
FNDA:0,(anonymous_5)
FNDA:0,(anonymous_6)
FNDA:1,(anonymous_7)
FNDA:0,(anonymous_8)
FNDA:1,(anonymous_9)
FNDA:0,(anonymous_10)
FNDA:0,(anonymous_11)
DA:1,2
DA:2,2
DA:3,2
DA:4,2
DA:5,2
DA:6,2
DA:7,2
DA:8,2
DA:9,2
DA:10,2
DA:11,2
DA:13,2
DA:14,2
DA:15,2
DA:17,2
DA:18,2
DA:19,2
DA:20,1
DA:21,1
DA:27,2
DA:28,2
DA:29,2
DA:30,2
DA:32,2
DA:33,2
DA:34,2
DA:39,0
DA:40,0
DA:41,0
DA:45,0
DA:46,0
DA:47,0
DA:49,0
DA:50,0
DA:57,2
DA:58,0
DA:59,0
DA:61,0
DA:62,0
DA:65,0
DA:66,0
DA:70,0
DA:73,0
DA:75,0
DA:78,2
DA:98,0
DA:99,0
DA:100,0
DA:102,0
DA:139,2
DA:147,1
DA:148,1
DA:149,0
DA:151,1
DA:152,0
DA:154,1
DA:155,1
DA:156,0
DA:158,1
DA:177,2
DA:185,0
DA:186,0
DA:187,0
DA:189,0
DA:190,0
DA:192,0
DA:193,0
DA:195,0
DA:196,0
DA:197,0
DA:199,0
DA:218,2
DA:225,1
DA:226,0
DA:227,0
DA:232,0
DA:233,0
DA:239,0
DA:240,0
DA:241,0
DA:246,0
DA:247,0
DA:253,0
DA:255,0
DA:260,0
DA:270,2
DA:271,0
DA:272,0
DA:273,0
DA:274,0
DA:276,0
DA:277,0
DA:278,0
DA:280,0
DA:286,0
DA:287,0
DA:288,0
DA:293,0
DA:296,2
DA:302,0
DA:303,0
DA:308,0
DA:309,0
DA:316,0
DA:317,0
DA:322,0
DA:324,0
DA:325,0
DA:330,0
DA:332,0
DA:341,2
DA:364,2
LF:112
LH:42
BRDA:29,0,0,0
BRDA:29,0,1,2
BRDA:32,1,0,2
BRDA:32,1,1,0
BRDA:61,2,0,0
BRDA:61,2,1,0
BRDA:99,3,0,0
BRDA:99,3,1,0
BRDA:148,4,0,0
BRDA:148,4,1,1
BRDA:151,5,0,0
BRDA:151,5,1,1
BRDA:155,6,0,0
BRDA:155,6,1,1
BRDA:186,7,0,0
BRDA:186,7,1,0
BRDA:189,8,0,0
BRDA:189,8,1,0
BRDA:192,9,0,0
BRDA:192,9,1,0
BRDA:192,10,0,0
BRDA:192,10,1,0
BRDA:196,11,0,0
BRDA:196,11,1,0
BRDA:226,12,0,0
BRDA:226,12,1,0
BRDA:240,13,0,0
BRDA:240,13,1,0
BRDA:246,14,0,0
BRDA:246,14,1,0
BRDA:273,15,0,0
BRDA:273,15,1,0
BRDA:273,16,0,0
BRDA:273,16,1,0
BRDA:277,17,0,0
BRDA:277,17,1,0
BRDA:287,18,0,0
BRDA:287,18,1,0
BRDA:287,19,0,0
BRDA:287,19,1,0
BRDA:302,20,0,0
BRDA:302,20,1,0
BRDA:316,21,0,0
BRDA:316,21,1,0
BRDA:324,22,0,0
BRDA:324,22,1,0
BRF:46
BRH:5
end_of_record
TN:
SF:src\middlewares\blog.middleware.ts
FN:145,(anonymous_0)
FNF:1
FNH:0
FNDA:0,(anonymous_0)
DA:1,2
DA:2,2
DA:4,2
DA:6,2
DA:40,2
DA:74,2
DA:112,2
DA:132,2
DA:146,0
DA:147,0
DA:149,0
LF:11
LH:8
BRDA:146,0,0,0
BRDA:146,0,1,0
BRF:2
BRH:0
end_of_record
TN:
SF:src\middlewares\calculator.middlewares.ts
FN:15,(anonymous_0)
FN:43,(anonymous_1)
FN:57,(anonymous_2)
FN:71,(anonymous_3)
FN:84,(anonymous_4)
FN:109,(anonymous_5)
FN:133,(anonymous_6)
FN:164,(anonymous_7)
FN:189,(anonymous_8)
FN:203,(anonymous_9)
FN:216,(anonymous_10)
FN:241,(anonymous_11)
FN:255,(anonymous_12)
FN:283,(anonymous_13)
FN:297,(anonymous_14)
FN:319,(anonymous_15)
FN:332,(anonymous_16)
FNF:17
FNH:0
FNDA:0,(anonymous_0)
FNDA:0,(anonymous_1)
FNDA:0,(anonymous_2)
FNDA:0,(anonymous_3)
FNDA:0,(anonymous_4)
FNDA:0,(anonymous_5)
FNDA:0,(anonymous_6)
FNDA:0,(anonymous_7)
FNDA:0,(anonymous_8)
FNDA:0,(anonymous_9)
FNDA:0,(anonymous_10)
FNDA:0,(anonymous_11)
FNDA:0,(anonymous_12)
FNDA:0,(anonymous_13)
FNDA:0,(anonymous_14)
FNDA:0,(anonymous_15)
FNDA:0,(anonymous_16)
DA:1,2
DA:2,2
DA:3,2
DA:4,2
DA:6,2
DA:16,0
DA:17,0
DA:19,0
DA:34,2
DA:44,0
DA:45,0
DA:47,0
DA:58,0
DA:59,0
DA:61,0
DA:72,0
DA:73,0
DA:75,0
DA:85,0
DA:86,0
DA:88,0
DA:89,0
DA:91,0
DA:100,2
DA:112,0
DA:113,0
DA:115,0
DA:124,2
DA:134,0
DA:135,0
DA:137,0
DA:165,0
DA:166,0
DA:168,0
DA:169,0
DA:171,0
DA:180,2
DA:190,0
DA:191,0
DA:193,0
DA:204,0
DA:205,0
DA:207,0
DA:217,0
DA:218,0
DA:220,0
DA:221,0
DA:223,0
DA:232,2
DA:242,0
DA:243,0
DA:245,0
DA:256,0
DA:257,0
DA:259,0
DA:274,2
DA:284,0
DA:285,0
DA:287,0
DA:298,0
DA:299,0
DA:301,0
DA:310,2
DA:320,0
DA:321,0
DA:323,0
DA:333,0
DA:334,0
DA:336,0
DA:337,0
DA:339,0
LF:71
LH:12
BRDA:16,0,0,0
BRDA:16,0,1,0
BRDA:44,1,0,0
BRDA:44,1,1,0
BRDA:58,2,0,0
BRDA:58,2,1,0
BRDA:72,3,0,0
BRDA:72,3,1,0
BRDA:85,4,0,0
BRDA:85,4,1,0
BRDA:88,5,0,0
BRDA:88,5,1,0
BRDA:112,6,0,0
BRDA:112,6,1,0
BRDA:134,7,0,0
BRDA:134,7,1,0
BRDA:165,8,0,0
BRDA:165,8,1,0
BRDA:168,9,0,0
BRDA:168,9,1,0
BRDA:190,10,0,0
BRDA:190,10,1,0
BRDA:204,11,0,0
BRDA:204,11,1,0
BRDA:217,12,0,0
BRDA:217,12,1,0
BRDA:220,13,0,0
BRDA:220,13,1,0
BRDA:242,14,0,0
BRDA:242,14,1,0
BRDA:256,15,0,0
BRDA:256,15,1,0
BRDA:284,16,0,0
BRDA:284,16,1,0
BRDA:298,17,0,0
BRDA:298,17,1,0
BRDA:320,18,0,0
BRDA:320,18,1,0
BRDA:333,19,0,0
BRDA:333,19,1,0
BRDA:336,20,0,0
BRDA:336,20,1,0
BRF:42
BRH:0
end_of_record
TN:
SF:src\middlewares\error.middleware.ts
FN:6,(anonymous_1)
FN:26,(anonymous_2)
FNF:2
FNH:1
FNDA:2,(anonymous_1)
FNDA:0,(anonymous_2)
DA:2,3
DA:3,3
DA:4,3
DA:6,3
DA:7,2
DA:8,2
DA:9,2
DA:16,0
DA:17,0
DA:26,0
DA:27,0
DA:28,0
DA:32,0
DA:33,0
DA:34,0
DA:35,0
DA:37,0
DA:40,0
LF:18
LH:7
BRDA:7,0,0,2
BRDA:7,0,1,0
BRDA:7,1,0,2
BRDA:7,1,1,0
BRDA:7,1,2,0
BRDA:8,2,0,2
BRDA:8,2,1,0
BRDA:16,3,0,0
BRDA:16,3,1,0
BRDA:16,4,0,0
BRDA:16,4,1,0
BRDA:16,4,2,0
BRDA:18,5,0,0
BRDA:18,5,1,0
BRF:14
BRH:3
end_of_record
TN:
SF:src\middlewares\post.middleware.ts
FN:39,(anonymous_0)
FNF:1
FNH:0
FNDA:0,(anonymous_0)
DA:1,2
DA:2,2
DA:4,2
DA:6,2
DA:26,2
DA:40,0
DA:41,0
DA:43,0
LF:8
LH:5
BRDA:40,0,0,0
BRDA:40,0,1,0
BRF:2
BRH:0
end_of_record
TN:
SF:src\middlewares\roles.middleware.ts
FN:7,(anonymous_1)
FN:8,(anonymous_2)
FNF:2
FNH:1
FNDA:128,(anonymous_1)
FNDA:0,(anonymous_2)
DA:3,2
DA:4,2
DA:5,2
DA:7,2
DA:8,128
DA:9,0
DA:10,0
DA:11,0
DA:13,0
LF:9
LH:5
BRDA:10,0,0,0
BRDA:10,0,1,0
BRDA:10,1,0,0
BRDA:10,1,1,0
BRF:4
BRH:0
end_of_record
TN:
SF:src\middlewares\user.middleware.ts
FN:15,(anonymous_1)
FN:61,(anonymous_2)
FN:98,(anonymous_3)
FNF:3
FNH:0
FNDA:0,(anonymous_1)
FNDA:0,(anonymous_2)
FNDA:0,(anonymous_3)
DA:1,2
DA:2,2
DA:3,2
DA:4,2
DA:5,2
DA:7,2
DA:16,0
DA:17,0
DA:18,0
DA:28,2
DA:62,0
DA:63,0
DA:73,2
DA:99,0
DA:100,0
DA:102,0
DA:103,0
DA:105,0
DA:109,0
DA:113,0
DA:114,0
DA:116,0
DA:149,2
LF:23
LH:9
BRDA:17,0,0,0
BRDA:17,0,1,0
BRDA:62,1,0,0
BRDA:62,1,1,0
BRDA:100,2,0,0
BRDA:100,2,1,0
BRDA:100,3,0,0
BRDA:100,3,1,0
BRDA:100,3,2,0
BRDA:103,4,0,0
BRDA:103,4,1,0
BRDA:105,5,0,0
BRDA:105,5,1,0
BRDA:113,6,0,0
BRDA:113,6,1,0
BRF:15
BRH:0
end_of_record
TN:
SF:src\middlewares\userAdmin.middleware.ts
FN:26,(anonymous_1)
FN:46,(anonymous_2)
FN:59,(anonymous_3)
FNF:3
FNH:0
FNDA:0,(anonymous_1)
FNDA:0,(anonymous_2)
FNDA:0,(anonymous_3)
DA:1,2
DA:2,2
DA:3,2
DA:4,2
DA:5,2
DA:7,2
DA:27,0
DA:28,0
DA:29,0
DA:31,0
DA:47,0
DA:48,0
DA:49,0
DA:51,0
DA:60,0
DA:61,0
DA:63,0
LF:17
LH:6
BRDA:28,0,0,0
BRDA:28,0,1,0
BRDA:48,1,0,0
BRDA:48,1,1,0
BRDA:60,2,0,0
BRDA:60,2,1,0
BRF:6
BRH:0
end_of_record
TN:
SF:src\middlewares\workoutSchedule.middleware.ts
FN:26,(anonymous_0)
FN:45,(anonymous_1)
FN:79,(anonymous_2)
FNF:3
FNH:0
FNDA:0,(anonymous_0)
FNDA:0,(anonymous_1)
FNDA:0,(anonymous_2)
DA:1,2
DA:2,2
DA:4,2
DA:6,2
DA:27,0
DA:29,0
DA:31,0
DA:32,0
DA:33,0
DA:34,0
DA:36,0
DA:46,0
DA:47,0
DA:49,0
DA:50,0
DA:52,0
DA:53,0
DA:55,0
DA:64,2
DA:80,0
DA:82,0
DA:83,0
DA:85,0
DA:94,2
LF:24
LH:6
BRDA:29,0,0,0
BRDA:29,0,1,0
BRDA:31,1,0,0
BRDA:31,1,1,0
BRDA:33,2,0,0
BRDA:33,2,1,0
BRDA:47,3,0,0
BRDA:47,3,1,0
BRDA:49,4,0,0
BRDA:49,4,1,0
BRDA:52,5,0,0
BRDA:52,5,1,0
BRDA:80,6,0,0
BRDA:80,6,1,0
BRDA:82,7,0,0
BRDA:82,7,1,0
BRF:16
BRH:0
end_of_record
TN:
SF:src\middlewares\writter.middleware.ts
FN:7,(anonymous_1)
FN:8,(anonymous_2)
FNF:2
FNH:1
FNDA:2,(anonymous_1)
FNDA:0,(anonymous_2)
DA:2,2
DA:3,2
DA:4,2
DA:5,2
DA:7,2
DA:8,2
DA:29,0
DA:31,0
DA:32,0
DA:37,0
DA:38,0
DA:43,0
DA:44,0
DA:51,0
DA:52,0
DA:59,0
DA:60,0
DA:66,0
DA:67,0
DA:73,0
DA:74,0
DA:87,0
DA:88,0
DA:93,0
DA:94,0
DA:100,0
DA:101,0
DA:107,0
DA:108,0
DA:114,0
DA:115,0
DA:121,0
DA:122,0
DA:128,0
LF:34
LH:6
BRDA:31,0,0,0
BRDA:31,0,1,0
BRDA:37,1,0,0
BRDA:37,1,1,0
BRDA:43,2,0,0
BRDA:43,2,1,0
BRDA:51,3,0,0
BRDA:51,3,1,0
BRDA:59,4,0,0
BRDA:59,4,1,0
BRDA:59,5,0,0
BRDA:59,5,1,0
BRDA:66,6,0,0
BRDA:66,6,1,0
BRDA:66,7,0,0
BRDA:66,7,1,0
BRDA:73,8,0,0
BRDA:73,8,1,0
BRDA:87,9,0,0
BRDA:87,9,1,0
BRDA:93,10,0,0
BRDA:93,10,1,0
BRDA:100,11,0,0
BRDA:100,11,1,0
BRDA:107,12,0,0
BRDA:107,12,1,0
BRDA:114,13,0,0
BRDA:114,13,1,0
BRDA:121,14,0,0
BRDA:121,14,1,0
BRF:30
BRH:0
end_of_record
TN:
SF:src\models\schemas\activity.schema.ts
FNF:0
FNH:0
DA:1,2
DA:10,2
DA:23,2
DA:25,2
DA:27,2
LF:5
LH:5
BRF:0
BRH:0
end_of_record
TN:
SF:src\models\schemas\activityTracking.schema.ts
FNF:0
FNH:0
DA:1,2
DA:40,2
DA:51,2
DA:59,2
DA:97,2
DA:98,2
DA:99,2
DA:100,2
DA:102,2
DA:104,2
LF:10
LH:10
BRF:0
BRH:0
end_of_record
TN:
SF:src\models\schemas\aiUsageLog.schema.ts
FNF:0
FNH:0
DA:1,2
DA:16,2
DA:41,2
DA:43,2
LF:4
LH:4
BRF:0
BRH:0
end_of_record
TN:
SF:src\models\schemas\album.schema.ts
FN:34,(anonymous_1)
FNF:1
FNH:0
FNDA:0,(anonymous_1)
DA:1,2
DA:2,2
DA:14,2
DA:34,2
DA:35,0
DA:36,0
DA:37,0
DA:39,0
DA:43,2
DA:45,2
DA:47,2
LF:11
LH:7
BRF:0
BRH:0
end_of_record
TN:
SF:src\models\schemas\blog.schema.ts
FN:41,(anonymous_1)
FNF:1
FNH:0
FNDA:0,(anonymous_1)
DA:1,2
DA:2,2
DA:15,2
DA:41,2
DA:42,0
DA:43,0
DA:44,0
DA:46,0
DA:50,2
DA:52,2
DA:54,2
LF:11
LH:7
BRF:0
BRH:0
end_of_record
TN:
SF:src\models\schemas\blogCategory.schema.ts
FNF:0
FNH:0
DA:1,2
DA:7,2
DA:16,2
DA:18,2
LF:4
LH:4
BRF:0
BRH:0
end_of_record
TN:
SF:src\models\schemas\bookmarkAlbum.schema.ts
FNF:0
FNH:0
DA:1,2
DA:8,2
DA:27,2
DA:29,2
LF:4
LH:4
BRF:0
BRH:0
end_of_record
TN:
SF:src\models\schemas\bookmarkRecipe.schema.ts
FNF:0
FNH:0
DA:1,2
DA:8,2
DA:27,2
DA:29,2
LF:4
LH:4
BRF:0
BRH:0
end_of_record
TN:
SF:src\models\schemas\challenge.schema.ts
FN:119,(anonymous_1)
FNF:1
FNH:0
FNDA:0,(anonymous_1)
DA:1,2
DA:2,2
DA:68,2
DA:119,0
DA:164,2
DA:165,2
DA:166,2
DA:167,2
DA:168,2
DA:172,2
DA:174,2
LF:11
LH:10
BRF:0
BRH:0
end_of_record
TN:
SF:src\models\schemas\challengeDayComment.schema.ts
FNF:0
FNH:0
DA:1,2
DA:16,2
DA:32,2
DA:34,2
DA:36,2
LF:5
LH:5
BRF:0
BRH:0
end_of_record
TN:
SF:src\models\schemas\challengeParticipant.schema.ts
FN:42,(anonymous_1)
FNF:1
FNH:0
FNDA:0,(anonymous_1)
DA:1,2
DA:24,2
DA:42,0
DA:59,2
DA:60,2
DA:61,2
DA:63,2
DA:65,2
LF:8
LH:7
BRF:0
BRH:0
end_of_record
TN:
SF:src\models\schemas\challengeProgress.schema.ts
FNF:0
FNH:0
DA:1,2
DA:51,2
DA:111,2
DA:112,2
DA:113,2
DA:115,2
DA:117,2
LF:7
LH:7
BRF:0
BRH:0
end_of_record
TN:
SF:src\models\schemas\commentBlog.schema.ts
FNF:0
FNH:0
DA:1,2
DA:10,2
DA:31,2
DA:33,2
LF:4
LH:4
BRF:0
BRH:0
end_of_record
TN:
SF:src\models\schemas\commentPost.schema.ts
FNF:0
FNH:0
DA:1,2
DA:11,2
DA:37,2
DA:39,2
LF:4
LH:4
BRF:0
BRH:0
end_of_record
TN:
SF:src\models\schemas\commentRecipe.schema.ts
FNF:0
FNH:0
DA:1,2
DA:10,2
DA:31,2
DA:33,2
LF:4
LH:4
BRF:0
BRH:0
end_of_record
TN:
SF:src\models\schemas\equipment.schema.ts
FNF:0
FNH:0
DA:1,2
DA:11,2
DA:22,2
DA:24,2
DA:25,2
LF:5
LH:5
BRF:0
BRH:0
end_of_record
TN:
SF:src\models\schemas\exercise.schema.ts
FNF:0
FNH:0
DA:1,2
DA:36,2
DA:46,2
DA:81,2
DA:82,2
DA:83,2
DA:84,2
DA:85,2
DA:87,2
DA:88,2
LF:10
LH:10
BRF:0
BRH:0
end_of_record
TN:
SF:src\models\schemas\follow.schema.ts
FNF:0
FNH:0
DA:1,2
DA:8,2
DA:27,2
DA:29,2
LF:4
LH:4
BRF:0
BRH:0
end_of_record
TN:
SF:src\models\schemas\imagePost.schema.ts
FNF:0
FNH:0
DA:1,2
DA:9,2
DA:24,2
DA:26,2
LF:4
LH:4
BRF:0
BRH:0
end_of_record
TN:
SF:src\models\schemas\ingredient.schema.ts
FNF:0
FNH:0
DA:1,2
DA:11,2
DA:29,2
DA:31,2
DA:33,2
LF:5
LH:5
BRF:0
BRH:0
end_of_record
TN:
SF:src\models\schemas\likePost.schema.ts
FNF:0
FNH:0
DA:1,2
DA:9,2
DA:28,2
DA:30,2
LF:4
LH:4
BRF:0
BRH:0
end_of_record
TN:
SF:src\models\schemas\likeRecipe.schema.ts
FNF:0
FNH:0
DA:1,2
DA:9,2
DA:28,2
DA:30,2
LF:4
LH:4
BRF:0
BRH:0
end_of_record
TN:
SF:src\models\schemas\mealPlan.schema.ts
FN:90,(anonymous_1)
FNF:1
FNH:0
FNDA:0,(anonymous_1)
DA:1,2
DA:2,2
DA:37,2
DA:90,2
DA:91,0
DA:92,0
DA:93,0
DA:94,0
DA:95,0
DA:96,0
DA:98,0
DA:102,2
DA:103,2
DA:104,2
DA:105,2
DA:106,2
DA:108,2
DA:109,2
DA:111,2
DA:113,2
LF:20
LH:13
BRDA:92,0,0,0
BRDA:92,0,1,0
BRDA:93,1,0,0
BRDA:93,1,1,0
BRDA:94,2,0,0
BRDA:94,2,1,0
BRF:6
BRH:0
end_of_record
TN:
SF:src\models\schemas\muscleGroup.schema.ts
FNF:0
FNH:0
DA:1,2
DA:13,2
DA:25,2
DA:27,2
DA:28,2
LF:5
LH:5
BRF:0
BRH:0
end_of_record
TN:
SF:src\models\schemas\notification.schema.ts
FNF:0
FNH:0
DA:1,2
DA:16,2
DA:41,2
DA:44,2
DA:46,2
LF:5
LH:5
BRF:0
BRH:0
end_of_record
TN:
SF:src\models\schemas\post.schema.ts
FNF:0
FNH:0
DA:1,2
DA:2,2
DA:3,2
DA:17,2
DA:56,2
DA:58,2
DA:60,2
LF:7
LH:7
BRF:0
BRH:0
end_of_record
TN:
SF:src\models\schemas\recipe.schema.ts
FN:109,(anonymous_1)
FNF:1
FNH:0
FNDA:0,(anonymous_1)
DA:1,2
DA:2,2
DA:48,2
DA:109,2
DA:110,0
DA:111,0
DA:112,0
DA:114,0
DA:118,2
DA:120,2
DA:122,2
LF:11
LH:7
BRF:0
BRH:0
end_of_record
TN:
SF:src\models\schemas\refreshToken.schema.ts
FNF:0
FNH:0
DA:1,3
DA:9,3
DA:25,3
DA:26,3
DA:28,3
LF:5
LH:5
BRF:0
BRH:0
end_of_record
TN:
SF:src\models\schemas\savedWorkoutTemplate.schema.ts
FNF:0
FNH:0
DA:1,2
DA:36,2
DA:46,2
DA:58,2
DA:69,2
DA:87,2
DA:89,2
LF:7
LH:7
BRF:0
BRH:0
end_of_record
TN:
SF:src\models\schemas\sportCategory.schema.ts
FNF:0
FNH:0
DA:1,2
DA:15,2
DA:30,2
DA:32,2
LF:4
LH:4
BRF:0
BRH:0
end_of_record
TN:
SF:src\models\schemas\sportEvent.schema.ts
FN:67,(anonymous_1)
FNF:1
FNH:0
FNDA:0,(anonymous_1)
DA:1,2
DA:2,2
DA:37,2
DA:67,0
DA:78,2
DA:80,2
DA:82,2
LF:7
LH:6
BRF:0
BRH:0
end_of_record
TN:
SF:src\models\schemas\sportEventAttendance.schema.ts
FNF:0
FNH:0
DA:1,2
DA:20,2
DA:28,2
DA:44,2
DA:45,2
DA:47,2
DA:49,2
LF:7
LH:7
BRF:0
BRH:0
end_of_record
TN:
SF:src\models\schemas\sportEventComment.schema.ts
FNF:0
FNH:0
DA:1,2
DA:16,2
DA:33,2
DA:35,2
DA:37,2
LF:5
LH:5
BRF:0
BRH:0
end_of_record
TN:
SF:src\models\schemas\sportEventPost.schema.ts
FNF:0
FNH:0
DA:1,2
DA:18,2
DA:37,2
DA:38,2
DA:40,2
DA:42,2
LF:6
LH:6
BRF:0
BRH:0
end_of_record
TN:
SF:src\models\schemas\sportEventProgress.schema.ts
FNF:0
FNH:0
DA:1,2
DA:25,2
DA:51,2
DA:52,2
DA:53,2
DA:55,2
DA:57,2
LF:7
LH:7
BRF:0
BRH:0
end_of_record
TN:
SF:src\models\schemas\sportEventSession.schema.ts
FNF:0
FNH:0
DA:1,3
DA:18,3
DA:37,3
DA:38,3
DA:40,3
DA:42,3
LF:6
LH:6
BRF:0
BRH:0
end_of_record
TN:
SF:src\models\schemas\sportEventVideoSession.schema.ts
FNF:0
FNH:0
DA:1,2
DA:21,2
DA:84,2
DA:85,2
DA:86,2
DA:88,2
DA:93,2
LF:7
LH:7
BRF:0
BRH:0
end_of_record
TN:
SF:src\models\schemas\training.schema.ts
FNF:0
FNH:0
DA:1,2
DA:31,2
DA:75,2
DA:76,2
DA:77,2
DA:78,2
DA:82,2
DA:84,2
LF:8
LH:8
BRF:0
BRH:0
end_of_record
TN:
SF:src\models\schemas\trainingParticipant.schema.ts
FN:40,(anonymous_1)
FNF:1
FNH:0
FNDA:0,(anonymous_1)
DA:1,2
DA:22,2
DA:40,0
DA:55,2
DA:56,2
DA:57,2
DA:59,2
DA:61,2
LF:8
LH:7
BRF:0
BRH:0
end_of_record
TN:
SF:src\models\schemas\user.schema.ts
FNF:0
FNH:0
DA:1,4
DA:2,4
DA:3,4
DA:57,4
DA:213,4
DA:215,4
DA:217,4
LF:7
LH:7
BRF:0
BRH:0
end_of_record
TN:
SF:src\models\schemas\userMealItem.schema.ts
FNF:0
FNH:0
DA:1,2
DA:2,2
DA:31,2
DA:108,2
DA:109,2
DA:110,2
DA:111,2
DA:112,2
DA:114,2
DA:116,2
LF:10
LH:10
BRF:0
BRH:0
end_of_record
TN:
SF:src\models\schemas\userMealSchedule.schema.ts
FNF:0
FNH:0
DA:1,2
DA:2,2
DA:26,2
DA:92,2
DA:93,2
DA:94,2
DA:96,2
DA:98,2
LF:8
LH:8
BRF:0
BRH:0
end_of_record
TN:
SF:src\models\schemas\workoutItem.schemas.ts
FNF:0
FNH:0
DA:1,2
DA:12,2
DA:46,2
DA:48,2
LF:4
LH:4
BRF:0
BRH:0
end_of_record
TN:
SF:src\models\schemas\workoutSchedule.schema.ts
FNF:0
FNH:0
DA:1,2
DA:13,2
DA:51,2
DA:53,2
LF:4
LH:4
BRF:0
BRH:0
end_of_record
TN:
SF:src\models\schemas\workoutSession.schema.ts
FNF:0
FNH:0
DA:1,2
DA:51,2
DA:63,2
DA:78,2
DA:155,2
DA:157,2
LF:6
LH:6
BRF:0
BRH:0
end_of_record
TN:
SF:src\routes\adminRoutes\authAdmin.routes.ts
FNF:0
FNH:0
DA:1,2
DA:2,2
DA:7,2
DA:8,2
DA:9,2
DA:11,2
DA:13,2
DA:14,2
DA:15,2
DA:16,2
LF:10
LH:10
BRF:0
BRH:0
end_of_record
TN:
SF:src\routes\adminRoutes\challenge.routes.ts
FNF:0
FNH:0
DA:1,2
DA:2,2
DA:10,2
DA:11,2
DA:12,2
DA:13,2
DA:14,2
DA:19,2
DA:22,2
DA:24,2
DA:25,2
DA:26,2
DA:27,2
DA:28,2
DA:29,2
DA:30,2
DA:31,2
DA:33,2
LF:18
LH:18
BRF:0
BRH:0
end_of_record
TN:
SF:src\routes\adminRoutes\equipment.routes.ts
FNF:0
FNH:0
DA:1,2
DA:2,2
DA:8,2
DA:9,2
DA:10,2
DA:11,2
DA:13,2
DA:15,2
DA:17,2
DA:18,2
DA:19,2
DA:20,2
DA:22,2
LF:13
LH:13
BRF:0
BRH:0
end_of_record
TN:
SF:src\routes\adminRoutes\exercise.routes.ts
FNF:0
FNH:0
DA:1,2
DA:2,2
DA:10,2
DA:11,2
DA:12,2
DA:13,2
DA:15,2
DA:17,2
DA:19,2
DA:20,2
DA:21,2
DA:22,2
DA:23,2
DA:24,2
DA:26,2
LF:15
LH:15
BRF:0
BRH:0
end_of_record
TN:
SF:src\routes\adminRoutes\inspector.routes.ts
FNF:0
FNH:0
DA:1,2
DA:2,2
DA:3,2
DA:35,2
DA:36,2
DA:37,2
DA:39,2
DA:41,2
DA:48,2
DA:55,2
DA:62,2
DA:69,2
DA:76,2
DA:83,2
DA:90,2
DA:97,2
DA:104,2
DA:111,2
DA:118,2
DA:125,2
DA:132,2
DA:139,2
DA:146,2
DA:153,2
DA:160,2
DA:167,2
DA:174,2
DA:181,2
DA:188,2
DA:195,2
DA:202,2
DA:209,2
DA:216,2
DA:223,2
DA:230,2
DA:237,2
DA:244,2
DA:251,2
LF:38
LH:38
BRF:0
BRH:0
end_of_record
TN:
SF:src\routes\adminRoutes\muscleGroup.routes.ts
FNF:0
FNH:0
DA:1,2
DA:2,2
DA:8,2
DA:9,2
DA:10,2
DA:11,2
DA:13,2
DA:15,2
DA:17,2
DA:18,2
DA:19,2
DA:20,2
DA:22,2
LF:13
LH:13
BRF:0
BRH:0
end_of_record
TN:
SF:src\routes\adminRoutes\sportCategory.routes.ts
FNF:0
FNH:0
DA:1,2
DA:2,2
DA:10,2
DA:11,2
DA:12,2
DA:13,2
DA:15,2
DA:17,2
DA:20,2
DA:21,2
DA:22,2
DA:24,2
DA:26,2
DA:28,2
LF:14
LH:14
BRF:0
BRH:0
end_of_record
TN:
SF:src\routes\adminRoutes\sportEvent.routes.ts
FNF:0
FNH:0
DA:1,2
DA:2,2
DA:13,2
DA:14,2
DA:15,2
DA:16,2
DA:18,2
DA:21,2
DA:23,2
DA:24,2
DA:25,2
DA:26,2
DA:27,2
DA:28,2
DA:29,2
DA:30,2
DA:31,2
DA:33,2
LF:18
LH:18
BRF:0
BRH:0
end_of_record
TN:
SF:src\routes\adminRoutes\userAdmin.routes.ts
FNF:0
FNH:0
DA:1,2
DA:2,2
DA:3,2
DA:15,2
DA:22,2
DA:23,2
DA:24,2
DA:25,2
DA:27,2
DA:29,2
DA:38,2
DA:45,2
DA:52,2
DA:60,2
DA:67,2
DA:74,2
DA:81,2
DA:88,2
DA:95,2
DA:102,2
DA:109,2
DA:116,2
DA:123,2
DA:130,2
DA:137,2
LF:25
LH:25
BRF:0
BRH:0
end_of_record
TN:
SF:src\routes\adminRoutes\writter.routes.ts
FNF:0
FNH:0
DA:1,2
DA:2,2
DA:3,2
DA:12,2
DA:13,2
DA:14,2
DA:15,2
DA:16,2
DA:18,2
DA:20,2
DA:27,2
DA:34,2
DA:41,2
DA:48,2
DA:57,2
DA:65,2
DA:72,2
LF:17
LH:17
BRF:0
BRH:0
end_of_record
TN:
SF:src\routes\userRoutes\activity.routes.ts
FNF:0
FNH:0
DA:1,2
DA:2,2
DA:3,2
DA:4,2
DA:6,2
DA:8,2
DA:10,2
LF:7
LH:7
BRF:0
BRH:0
end_of_record
TN:
SF:src\routes\userRoutes\activityTracking.routes.ts
FNF:0
FNH:0
DA:1,2
DA:2,2
DA:11,2
DA:12,2
DA:14,2
DA:17,2
DA:18,2
DA:19,2
DA:20,2
DA:21,2
DA:22,2
DA:23,2
DA:25,2
LF:13
LH:13
BRF:0
BRH:0
end_of_record
TN:
SF:src\routes\userRoutes\ai.routes.ts
FN:69,pickImage
FN:75,extractQuotedUserLine
FN:88,hashSeed
FN:95,buildPollinationsCoverPrompt
FN:132,resolveCoverImageUrl
FN:154,(anonymous_6)
FN:201,(anonymous_7)
FN:223,(anonymous_8)
FN:250,(anonymous_9)
FN:313,(anonymous_10)
FN:314,(anonymous_11)
FN:319,(anonymous_12)
FN:336,(anonymous_13)
FN:350,(anonymous_14)
FN:411,(anonymous_15)
FN:412,(anonymous_16)
FN:417,(anonymous_17)
FN:434,(anonymous_18)
FN:522,(anonymous_19)
FNF:19
FNH:0
FNDA:0,pickImage
FNDA:0,extractQuotedUserLine
FNDA:0,hashSeed
FNDA:0,buildPollinationsCoverPrompt
FNDA:0,resolveCoverImageUrl
FNDA:0,(anonymous_6)
FNDA:0,(anonymous_7)
FNDA:0,(anonymous_8)
FNDA:0,(anonymous_9)
FNDA:0,(anonymous_10)
FNDA:0,(anonymous_11)
FNDA:0,(anonymous_12)
FNDA:0,(anonymous_13)
FNDA:0,(anonymous_14)
FNDA:0,(anonymous_15)
FNDA:0,(anonymous_16)
FNDA:0,(anonymous_17)
FNDA:0,(anonymous_18)
FNDA:0,(anonymous_19)
DA:1,2
DA:2,2
DA:3,2
DA:5,2
DA:9,2
DA:70,0
DA:71,0
DA:76,0
DA:81,0
DA:82,0
DA:83,0
DA:85,0
DA:89,0
DA:90,0
DA:91,0
DA:96,0
DA:97,0
DA:98,0
DA:101,0
DA:102,0
DA:103,0
DA:105,0
DA:106,0
DA:108,0
DA:109,0
DA:111,0
DA:112,0
DA:113,0
DA:114,0
DA:115,0
DA:116,0
DA:117,0
DA:118,0
DA:119,0
DA:120,0
DA:121,0
DA:122,0
DA:124,0
DA:125,0
DA:128,0
DA:129,0
DA:133,0
DA:134,0
DA:135,0
DA:137,0
DA:138,0
DA:139,0
DA:140,0
DA:143,0
DA:145,0
DA:154,2
DA:155,0
DA:156,0
DA:157,0
DA:158,0
DA:161,0
DA:162,0
DA:163,0
DA:164,0
DA:167,0
DA:168,0
DA:187,0
DA:188,0
DA:191,0
DA:192,0
DA:193,0
DA:194,0
DA:195,0
DA:201,0
DA:203,0
DA:205,0
DA:206,0
DA:207,0
DA:209,0
DA:210,0
DA:223,2
DA:224,0
DA:226,0
DA:227,0
DA:228,0
DA:231,0
DA:232,0
DA:233,0
DA:234,0
DA:238,0
DA:247,0
DA:250,0
DA:260,0
DA:276,0
DA:277,0
DA:297,0
DA:298,0
DA:299,0
DA:300,0
DA:301,0
DA:304,0
DA:305,0
DA:308,0
DA:309,0
DA:310,0
DA:312,0
DA:313,0
DA:314,0
DA:315,0
DA:319,0
DA:321,0
DA:324,0
DA:327,0
DA:336,2
DA:337,0
DA:339,0
DA:340,0
DA:341,0
DA:344,0
DA:345,0
DA:346,0
DA:347,0
DA:350,0
DA:360,0
DA:375,0
DA:376,0
DA:396,0
DA:397,0
DA:398,0
DA:399,0
DA:400,0
DA:403,0
DA:404,0
DA:406,0
DA:407,0
DA:408,0
DA:410,0
DA:411,0
DA:412,0
DA:413,0
DA:417,0
DA:419,0
DA:421,0
DA:424,0
DA:434,2
DA:435,0
DA:437,0
DA:438,0
DA:439,0
DA:441,0
DA:442,0
DA:443,0
DA:446,0
DA:447,0
DA:449,0
DA:450,0
DA:453,0
DA:455,0
DA:459,0
DA:461,0
DA:476,0
DA:477,0
DA:506,0
DA:507,0
DA:508,0
DA:510,0
DA:511,0
DA:514,0
DA:515,0
DA:517,0
DA:518,0
DA:519,0
DA:522,0
DA:524,0
DA:527,0
DA:530,0
DA:531,0
DA:535,2
LF:173
LH:10
BRDA:70,0,0,0
BRDA:70,0,1,0
BRDA:83,1,0,0
BRDA:83,1,1,0
BRDA:96,2,0,0
BRDA:96,2,1,0
BRDA:96,2,2,0
BRDA:97,3,0,0
BRDA:97,3,1,0
BRDA:102,4,0,0
BRDA:102,4,1,0
BRDA:105,5,0,0
BRDA:105,5,1,0
BRDA:108,6,0,0
BRDA:108,6,1,0
BRDA:111,7,0,0
BRDA:111,7,1,0
BRDA:113,8,0,0
BRDA:113,8,1,0
BRDA:115,9,0,0
BRDA:115,9,1,0
BRDA:117,10,0,0
BRDA:117,10,1,0
BRDA:119,11,0,0
BRDA:119,11,1,0
BRDA:121,12,0,0
BRDA:121,12,1,0
BRDA:124,13,0,0
BRDA:124,13,1,0
BRDA:124,14,0,0
BRDA:124,14,1,0
BRDA:124,15,0,0
BRDA:124,15,1,0
BRDA:133,16,0,0
BRDA:133,16,1,0
BRDA:134,17,0,0
BRDA:134,17,1,0
BRDA:135,18,0,0
BRDA:135,18,1,0
BRDA:141,19,0,0
BRDA:141,19,1,0
BRDA:141,19,2,0
BRDA:141,20,0,0
BRDA:141,20,1,0
BRDA:145,21,0,0
BRDA:145,21,1,0
BRDA:156,22,0,0
BRDA:156,22,1,0
BRDA:161,23,0,0
BRDA:161,23,1,0
BRDA:162,24,0,0
BRDA:162,24,1,0
BRDA:162,25,0,0
BRDA:162,25,1,0
BRDA:188,26,0,0
BRDA:188,26,1,0
BRDA:205,27,0,0
BRDA:205,27,1,0
BRDA:207,28,0,0
BRDA:207,28,1,0
BRDA:210,29,0,0
BRDA:210,29,1,0
BRDA:226,30,0,0
BRDA:226,30,1,0
BRDA:226,31,0,0
BRDA:226,31,1,0
BRDA:231,32,0,0
BRDA:231,32,1,0
BRDA:232,33,0,0
BRDA:232,33,1,0
BRDA:232,34,0,0
BRDA:232,34,1,0
BRDA:247,35,0,0
BRDA:247,35,1,0
BRDA:250,36,0,0
BRDA:250,36,1,0
BRDA:297,37,0,0
BRDA:297,37,1,0
BRDA:300,38,0,0
BRDA:300,38,1,0
BRDA:305,39,0,0
BRDA:305,39,1,0
BRDA:312,40,0,0
BRDA:312,40,1,0
BRDA:312,41,0,0
BRDA:312,41,1,0
BRDA:315,42,0,0
BRDA:315,42,1,0
BRDA:327,43,0,0
BRDA:327,43,1,0
BRDA:339,44,0,0
BRDA:339,44,1,0
BRDA:339,45,0,0
BRDA:339,45,1,0
BRDA:344,46,0,0
BRDA:344,46,1,0
BRDA:345,47,0,0
BRDA:345,47,1,0
BRDA:345,48,0,0
BRDA:345,48,1,0
BRDA:350,49,0,0
BRDA:350,49,1,0
BRDA:396,50,0,0
BRDA:396,50,1,0
BRDA:399,51,0,0
BRDA:399,51,1,0
BRDA:404,52,0,0
BRDA:404,52,1,0
BRDA:410,53,0,0
BRDA:410,53,1,0
BRDA:410,54,0,0
BRDA:410,54,1,0
BRDA:413,55,0,0
BRDA:413,55,1,0
BRDA:424,56,0,0
BRDA:424,56,1,0
BRDA:437,57,0,0
BRDA:437,57,1,0
BRDA:441,58,0,0
BRDA:441,58,1,0
BRDA:446,59,0,0
BRDA:446,59,1,0
BRDA:447,60,0,0
BRDA:447,60,1,0
BRDA:447,61,0,0
BRDA:447,61,1,0
BRDA:453,62,0,0
BRDA:453,62,1,0
BRDA:455,63,0,0
BRDA:455,63,1,0
BRDA:462,64,0,0
BRDA:462,64,1,0
BRDA:506,65,0,0
BRDA:506,65,1,0
BRDA:515,66,0,0
BRDA:515,66,1,0
BRDA:524,67,0,0
BRDA:524,67,1,0
BRF:138
BRH:0
end_of_record
TN:
SF:src\routes\userRoutes\authUser.routes.ts
FNF:0
FNH:0
DA:1,2
DA:2,2
DA:13,2
DA:22,2
DA:24,2
DA:26,2
DA:27,2
DA:28,2
DA:29,2
DA:30,2
DA:31,2
DA:32,2
DA:33,2
DA:34,2
DA:36,2
LF:15
LH:15
BRF:0
BRH:0
end_of_record
TN:
SF:src\routes\userRoutes\blog.routes.ts
FNF:0
FNH:0
DA:1,2
DA:2,2
DA:3,2
DA:19,2
DA:20,2
DA:26,2
DA:27,2
DA:29,2
DA:31,2
DA:33,2
DA:41,2
DA:49,2
DA:56,2
DA:63,2
DA:70,2
DA:77,2
DA:79,2
DA:81,2
DA:83,2
DA:90,2
DA:97,2
DA:99,2
DA:101,2
LF:23
LH:23
BRF:0
BRH:0
end_of_record
TN:
SF:src\routes\userRoutes\calculator.routes.ts
FNF:0
FNH:0
DA:1,2
DA:2,2
DA:18,2
DA:19,2
DA:29,2
DA:31,2
DA:33,2
DA:34,2
DA:35,2
DA:36,2
DA:37,2
DA:38,2
DA:43,2
DA:48,2
DA:50,2
DA:51,2
DA:52,2
DA:59,2
DA:65,2
DA:66,2
DA:68,2
LF:21
LH:21
BRF:0
BRH:0
end_of_record
TN:
SF:src\routes\userRoutes\challenge.routes.ts
FNF:0
FNH:0
DA:1,2
DA:2,2
DA:27,2
DA:33,2
DA:34,2
DA:36,2
DA:39,2
DA:40,2
DA:41,2
DA:42,2
DA:44,2
DA:47,2
DA:48,2
DA:51,2
DA:52,2
DA:53,2
DA:56,2
DA:59,2
DA:60,2
DA:61,2
DA:62,2
DA:65,2
DA:66,2
DA:67,2
DA:70,2
DA:73,2
DA:74,2
DA:75,2
DA:78,2
DA:81,2
DA:82,2
DA:83,2
DA:84,2
DA:86,2
LF:34
LH:34
BRF:0
BRH:0
end_of_record
TN:
SF:src\routes\userRoutes\equipment.routes.ts
FNF:0
FNH:0
DA:1,2
DA:2,2
DA:3,2
DA:5,2
DA:8,2
DA:10,2
LF:6
LH:6
BRF:0
BRH:0
end_of_record
TN:
SF:src\routes\userRoutes\exercise.routes.ts
FNF:0
FNH:0
DA:1,2
DA:2,2
DA:8,2
DA:10,2
DA:13,2
DA:14,2
DA:15,2
DA:16,2
DA:18,2
LF:9
LH:9
BRF:0
BRH:0
end_of_record
TN:
SF:src\routes\userRoutes\muscleGroup.routes.ts
FNF:0
FNH:0
DA:1,2
DA:2,2
DA:3,2
DA:5,2
DA:8,2
DA:10,2
LF:6
LH:6
BRF:0
BRH:0
end_of_record
TN:
SF:src\routes\userRoutes\notification.routes.ts
FNF:0
FNH:0
DA:1,2
DA:2,2
DA:9,2
DA:11,2
DA:13,2
DA:15,2
DA:17,2
DA:19,2
DA:21,2
DA:23,2
DA:25,2
LF:11
LH:11
BRF:0
BRH:0
end_of_record
TN:
SF:src\routes\userRoutes\personalActivity.routes.ts
FNF:0
FNH:0
DA:1,2
DA:2,2
DA:9,2
DA:10,2
DA:12,2
DA:15,2
DA:16,2
DA:17,2
DA:18,2
DA:19,2
DA:21,2
LF:11
LH:11
BRF:0
BRH:0
end_of_record
TN:
SF:src\routes\userRoutes\personalDashboard.routes.ts
FNF:0
FNH:0
DA:1,2
DA:2,2
DA:11,2
DA:12,2
DA:14,2
DA:22,2
DA:31,2
DA:39,2
DA:48,2
DA:56,2
DA:65,2
DA:74,2
DA:76,2
LF:13
LH:13
BRF:0
BRH:0
end_of_record
TN:
SF:src\routes\userRoutes\post.routes.ts
FNF:0
FNH:0
DA:1,2
DA:2,2
DA:24,2
DA:25,2
DA:26,2
DA:27,2
DA:29,2
DA:32,2
DA:33,2
DA:35,2
DA:36,2
DA:37,2
DA:38,2
DA:39,2
DA:40,2
DA:41,2
DA:42,2
DA:48,2
DA:54,2
DA:60,2
DA:61,2
DA:62,2
DA:67,2
DA:68,2
DA:69,2
DA:70,2
DA:76,2
DA:78,2
LF:28
LH:28
BRF:0
BRH:0
end_of_record
TN:
SF:src\routes\userRoutes\savedWorkoutTemplate.routes.ts
FNF:0
FNH:0
DA:1,2
DA:2,2
DA:9,2
DA:10,2
DA:12,2
DA:14,2
DA:15,2
DA:17,2
DA:18,2
DA:19,2
DA:21,2
LF:11
LH:11
BRF:0
BRH:0
end_of_record
TN:
SF:src\routes\userRoutes\search.routes.ts
FNF:0
FNH:0
DA:1,2
DA:2,2
DA:3,2
DA:4,2
DA:6,2
DA:8,2
DA:10,2
LF:7
LH:7
BRF:0
BRH:0
end_of_record
TN:
SF:src\routes\userRoutes\sportCategory.routes.ts
FNF:0
FNH:0
DA:1,2
DA:2,2
DA:4,2
DA:6,2
DA:9,2
DA:11,2
LF:6
LH:6
BRF:0
BRH:0
end_of_record
TN:
SF:src\routes\userRoutes\sportEvent.routes.ts
FNF:0
FNH:0
DA:1,2
DA:2,2
DA:18,2
DA:19,2
DA:20,2
DA:21,2
DA:22,2
DA:23,2
DA:24,2
DA:25,2
DA:31,2
DA:35,2
DA:37,2
DA:40,2
DA:41,2
DA:42,2
DA:43,2
DA:46,2
DA:47,2
DA:50,2
DA:51,2
DA:52,2
DA:53,2
DA:54,2
DA:55,2
DA:56,2
DA:57,2
DA:60,2
DA:61,2
DA:62,2
DA:63,2
DA:66,2
DA:69,2
DA:70,2
DA:71,2
DA:72,2
DA:73,2
DA:74,2
DA:76,2
LF:39
LH:39
BRF:0
BRH:0
end_of_record
TN:
SF:src\routes\userRoutes\sportEventAttendance.routes.ts
FNF:0
FNH:0
DA:1,2
DA:2,2
DA:10,2
DA:11,2
DA:13,2
DA:16,2
DA:17,2
DA:18,2
DA:19,2
DA:20,2
DA:21,2
DA:23,2
LF:12
LH:12
BRF:0
BRH:0
end_of_record
TN:
SF:src\routes\userRoutes\sportEventPost.routes.ts
FNF:0
FNH:0
DA:1,2
DA:2,2
DA:10,2
DA:11,2
DA:13,2
DA:16,2
DA:17,2
DA:20,2
DA:21,2
DA:22,2
DA:23,2
DA:25,2
LF:12
LH:12
BRF:0
BRH:0
end_of_record
TN:
SF:src\routes\userRoutes\sportEventProgress.routes.ts
FNF:0
FNH:0
DA:1,2
DA:2,2
DA:12,2
DA:13,2
DA:15,2
DA:18,2
DA:19,2
DA:20,2
DA:25,2
DA:26,2
DA:29,2
DA:30,2
DA:31,2
DA:33,2
LF:14
LH:14
BRF:0
BRH:0
end_of_record
TN:
SF:src\routes\userRoutes\sportEventSession.routes.ts
FNF:0
FNH:0
DA:1,2
DA:2,2
DA:11,2
DA:12,2
DA:14,2
DA:17,2
DA:18,2
DA:19,2
DA:22,2
DA:23,2
DA:24,2
DA:25,2
DA:27,2
LF:13
LH:13
BRF:0
BRH:0
end_of_record
TN:
SF:src\routes\userRoutes\sportEventVideoSession.routes.ts
FNF:0
FNH:0
DA:1,2
DA:2,2
DA:12,2
DA:13,2
DA:15,2
DA:18,2
DA:19,2
DA:20,2
DA:21,2
DA:22,2
DA:23,2
DA:24,2
DA:25,2
DA:27,2
LF:14
LH:14
BRF:0
BRH:0
end_of_record
TN:
SF:src\routes\userRoutes\training.routes.ts
FNF:0
FNH:0
DA:1,2
DA:2,2
DA:13,2
DA:14,2
DA:16,2
DA:19,2
DA:22,2
DA:23,2
DA:26,2
DA:27,2
DA:28,2
DA:31,2
DA:32,2
DA:35,2
DA:37,2
LF:15
LH:15
BRF:0
BRH:0
end_of_record
TN:
SF:src\routes\userRoutes\user.routes.ts
FNF:0
FNH:0
DA:1,2
DA:2,2
DA:20,2
DA:21,2
DA:27,2
DA:28,2
DA:29,2
DA:31,2
DA:32,2
DA:33,2
DA:38,2
DA:39,2
DA:40,2
DA:41,2
DA:47,2
DA:49,2
DA:56,2
DA:63,2
DA:70,2
DA:77,2
DA:83,2
DA:85,2
DA:87,2
DA:94,2
LF:24
LH:24
BRF:0
BRH:0
end_of_record
TN:
SF:src\routes\userRoutes\workoutSchedule.routes.ts
FNF:0
FNH:0
DA:1,2
DA:2,2
DA:14,2
DA:15,2
DA:20,2
DA:22,2
DA:24,2
DA:30,2
DA:37,2
DA:39,2
DA:41,2
DA:48,2
DA:54,2
DA:56,2
DA:58,2
DA:60,2
DA:61,2
LF:17
LH:17
BRF:0
BRH:0
end_of_record
TN:
SF:src\routes\userRoutes\workoutSession.routes.ts
FNF:0
FNH:0
DA:1,2
DA:2,2
DA:10,2
DA:11,2
DA:13,2
DA:16,2
DA:17,2
DA:18,2
DA:19,2
DA:20,2
DA:21,2
DA:23,2
LF:12
LH:12
BRF:0
BRH:0
end_of_record
TN:
SF:src\services\adminEquipment.service.ts
FN:4,(anonymous_1)
FN:8,(anonymous_2)
FN:12,(anonymous_3)
FN:16,(anonymous_4)
FN:20,(anonymous_5)
FN:24,(anonymous_6)
FNF:6
FNH:0
FNDA:0,(anonymous_1)
FNDA:0,(anonymous_2)
FNDA:0,(anonymous_3)
FNDA:0,(anonymous_4)
FNDA:0,(anonymous_5)
FNDA:0,(anonymous_6)
DA:1,2
DA:5,0
DA:9,0
DA:13,0
DA:17,0
DA:21,0
DA:25,0
DA:29,2
LF:8
LH:2
BRF:0
BRH:0
end_of_record
TN:
SF:src\services\adminExercise.service.ts
FN:6,stripExerciseMeta
FN:16,(anonymous_2)
FN:61,(anonymous_3)
FN:69,(anonymous_4)
FN:75,(anonymous_5)
FN:84,(anonymous_6)
FN:92,(anonymous_7)
FNF:7
FNH:0
FNDA:0,stripExerciseMeta
FNDA:0,(anonymous_2)
FNDA:0,(anonymous_3)
FNDA:0,(anonymous_4)
FNDA:0,(anonymous_5)
FNDA:0,(anonymous_6)
FNDA:0,(anonymous_7)
DA:2,2
DA:3,2
DA:7,0
DA:8,0
DA:9,0
DA:10,0
DA:11,0
DA:12,0
DA:17,0
DA:18,0
DA:19,0
DA:22,0
DA:23,0
DA:24,0
DA:27,0
DA:28,0
DA:35,0
DA:38,0
DA:41,0
DA:43,0
DA:44,0
DA:45,0
DA:47,0
DA:57,0
DA:58,0
DA:62,0
DA:66,0
DA:70,0
DA:71,0
DA:72,0
DA:76,0
DA:77,0
DA:81,0
DA:85,0
DA:93,0
DA:101,2
LF:36
LH:3
BRDA:16,0,0,0
BRDA:18,1,0,0
BRDA:18,1,1,0
BRDA:22,2,0,0
BRDA:22,2,1,0
BRDA:23,3,0,0
BRDA:23,3,1,0
BRDA:24,4,0,0
BRDA:24,4,1,0
BRDA:27,5,0,0
BRDA:27,5,1,0
BRDA:35,6,0,0
BRDA:35,6,1,0
BRDA:38,7,0,0
BRDA:38,7,1,0
BRDA:41,8,0,0
BRDA:41,8,1,0
BRDA:43,9,0,0
BRDA:43,9,1,0
BRDA:44,10,0,0
BRDA:44,10,1,0
BRDA:66,11,0,0
BRDA:66,11,1,0
BRDA:81,12,0,0
BRDA:81,12,1,0
BRF:25
BRH:0
end_of_record
TN:
SF:src\services\adminMuscleGroup.service.ts
FN:4,(anonymous_1)
FN:8,(anonymous_2)
FN:12,(anonymous_3)
FN:16,(anonymous_4)
FN:20,(anonymous_5)
FN:24,(anonymous_6)
FNF:6
FNH:0
FNDA:0,(anonymous_1)
FNDA:0,(anonymous_2)
FNDA:0,(anonymous_3)
FNDA:0,(anonymous_4)
FNDA:0,(anonymous_5)
FNDA:0,(anonymous_6)
DA:1,2
DA:5,0
DA:9,0
DA:13,0
DA:17,0
DA:21,0
DA:25,0
DA:29,2
LF:8
LH:2
BRF:0
BRH:0
end_of_record
TN:
SF:src\services\database.services.ts
FN:6,(anonymous_1)
FNF:1
FNH:0
FNDA:0,(anonymous_1)
DA:1,2
DA:2,2
DA:4,2
DA:6,2
DA:7,0
DA:8,0
DA:11,0
DA:12,0
DA:14,0
DA:15,0
DA:19,2
LF:11
LH:5
BRF:0
BRH:0
end_of_record
TN:
SF:src\services\exercise.service.ts
FN:5,(anonymous_1)
FN:14,(anonymous_2)
FN:33,(anonymous_3)
FN:46,(anonymous_4)
FN:63,(anonymous_5)
FN:69,(anonymous_6)
FN:88,(anonymous_7)
FN:100,(anonymous_8)
FN:101,(anonymous_9)
FNF:9
FNH:0
FNDA:0,(anonymous_1)
FNDA:0,(anonymous_2)
FNDA:0,(anonymous_3)
FNDA:0,(anonymous_4)
FNDA:0,(anonymous_5)
FNDA:0,(anonymous_6)
FNDA:0,(anonymous_7)
FNDA:0,(anonymous_8)
FNDA:0,(anonymous_9)
DA:1,2
DA:2,2
DA:3,2
DA:6,0
DA:11,0
DA:15,0
DA:17,0
DA:18,0
DA:21,0
DA:22,0
DA:25,0
DA:30,0
DA:34,0
DA:38,0
DA:52,0
DA:53,0
DA:54,0
DA:57,0
DA:63,0
DA:64,0
DA:65,0
DA:67,0
DA:69,0
DA:70,0
DA:71,0
DA:74,0
DA:76,0
DA:80,0
DA:83,0
DA:84,0
DA:88,0
DA:89,0
DA:90,0
DA:92,0
DA:93,0
DA:94,0
DA:95,0
DA:96,0
DA:99,0
DA:100,0
DA:101,0
DA:108,2
DA:109,2
LF:43
LH:5
BRDA:17,0,0,0
BRDA:17,0,1,0
BRDA:17,1,0,0
BRDA:17,1,1,0
BRDA:21,2,0,0
BRDA:21,2,1,0
BRDA:21,3,0,0
BRDA:21,3,1,0
BRDA:38,4,0,0
BRDA:38,4,1,0
BRDA:50,5,0,0
BRDA:53,6,0,0
BRDA:53,6,1,0
BRDA:53,7,0,0
BRDA:53,7,1,0
BRDA:54,8,0,0
BRDA:54,8,1,0
BRDA:54,9,0,0
BRDA:54,9,1,0
BRDA:65,10,0,0
BRDA:65,10,1,0
BRDA:67,11,0,0
BRDA:67,11,1,0
BRDA:70,12,0,0
BRDA:70,12,1,0
BRDA:70,13,0,0
BRDA:70,13,1,0
BRDA:70,14,0,0
BRDA:70,14,1,0
BRDA:74,15,0,0
BRDA:74,15,1,0
BRDA:76,16,0,0
BRDA:76,16,1,0
BRDA:80,17,0,0
BRDA:80,17,1,0
BRDA:93,18,0,0
BRDA:93,18,1,0
BRDA:96,19,0,0
BRDA:96,19,1,0
BRF:39
BRH:0
end_of_record
TN:
SF:src\services\sportCategory.services.ts
FN:6,(anonymous_1)
FN:11,(anonymous_2)
FN:15,(anonymous_3)
FN:31,(anonymous_4)
FN:47,(anonymous_5)
FN:63,(anonymous_6)
FN:79,(anonymous_7)
FNF:7
FNH:0
FNDA:0,(anonymous_1)
FNDA:0,(anonymous_2)
FNDA:0,(anonymous_3)
FNDA:0,(anonymous_4)
FNDA:0,(anonymous_5)
FNDA:0,(anonymous_6)
FNDA:0,(anonymous_7)
DA:1,2
DA:2,2
DA:4,2
DA:7,0
DA:12,0
DA:17,0
DA:18,0
DA:19,0
DA:21,0
DA:27,0
DA:28,0
DA:32,0
DA:33,0
DA:35,0
DA:40,0
DA:41,0
DA:43,0
DA:48,0
DA:49,0
DA:51,0
DA:56,0
DA:57,0
DA:59,0
DA:64,0
DA:65,0
DA:67,0
DA:72,0
DA:73,0
DA:75,0
DA:80,0
DA:81,0
DA:83,0
DA:84,0
DA:85,0
DA:87,0
DA:91,2
DA:92,2
LF:37
LH:5
BRDA:18,0,0,0
BRDA:18,0,1,0
BRDA:23,1,0,0
BRDA:23,1,1,0
BRDA:32,2,0,0
BRDA:32,2,1,0
BRDA:40,3,0,0
BRDA:40,3,1,0
BRDA:48,4,0,0
BRDA:48,4,1,0
BRDA:56,5,0,0
BRDA:56,5,1,0
[...]
BRDA:38,6,1,0
BRDA:38,6,2,0
BRDA:41,7,0,0
BRDA:41,7,1,0
BRDA:41,8,0,0
BRDA:41,8,1,0
BRDA:41,8,2,0
BRDA:44,9,0,0
BRDA:44,9,1,0
BRDA:44,10,0,0
BRDA:44,10,1,0
BRDA:44,10,2,0
BRDA:44,10,3,0
BRDA:56,11,0,0
BRDA:56,11,1,0
BRDA:57,12,0,0
BRDA:57,12,1,0
BRDA:63,13,0,0
BRDA:63,13,1,0
BRDA:65,14,0,0
BRDA:65,14,1,0
BRDA:70,15,0,0
BRDA:70,15,1,0
BRDA:70,16,0,0
BRDA:70,16,1,0
BRDA:75,17,0,0
BRDA:75,17,1,0
BRDA:87,18,0,0
BRDA:87,18,1,0
BRDA:104,19,0,0
BRDA:104,19,1,0
BRDA:127,20,0,0
BRDA:127,20,1,0
BRDA:132,21,0,0
BRDA:132,21,1,0
BRDA:134,22,0,0
BRDA:134,22,1,0
BRDA:138,23,0,0
BRDA:138,23,1,0
BRDA:141,24,0,0
BRDA:141,24,1,0
BRDA:146,25,0,0
BRDA:146,25,1,0
BRDA:164,26,0,0
BRDA:175,27,0,0
BRDA:175,27,1,0
BRDA:181,28,0,0
BRDA:181,28,1,0
BRDA:182,29,0,0
BRDA:182,29,1,0
BRDA:193,30,0,0
BRDA:193,30,1,0
BRDA:195,31,0,0
BRDA:195,31,1,0
BRDA:203,32,0,0
BRDA:203,32,1,0
BRDA:206,33,0,0
BRDA:206,33,1,0
BRDA:240,34,0,0
BRDA:240,34,1,0
BRDA:241,35,0,0
BRDA:241,35,1,0
BRDA:252,36,0,0
BRDA:252,36,1,0
BRDA:252,37,0,0
BRDA:252,37,1,0
BRDA:262,38,0,0
BRDA:262,38,1,0
BRDA:268,39,0,0
BRDA:268,39,1,0
BRDA:281,40,0,0
BRDA:281,40,1,0
BRDA:281,41,0,0
BRDA:281,41,1,0
BRDA:283,42,0,0
BRDA:283,42,1,0
BRDA:284,43,0,0
BRDA:284,43,1,0
BRDA:298,44,0,0
BRDA:298,44,1,0
BRDA:298,45,0,0
BRDA:298,45,1,0
BRDA:313,46,0,0
BRDA:313,46,1,0
BRDA:313,47,0,0
BRDA:313,47,1,0
BRDA:327,48,0,0
BRDA:327,48,1,0
BRDA:327,49,0,0
BRDA:327,49,1,0
BRDA:336,50,0,0
BRDA:336,50,1,0
BRDA:337,51,0,0
BRDA:337,51,1,0
BRDA:360,52,0,0
BRDA:360,52,1,0
BRF:110
BRH:0
end_of_record
TN:
SF:src\services\userServices\training.services.ts
FN:8,(anonymous_1)
FN:70,(anonymous_2)
FN:128,(anonymous_3)
FN:160,(anonymous_4)
FN:165,(anonymous_5)
FN:169,(anonymous_6)
FN:173,(anonymous_7)
FN:183,(anonymous_8)
FN:188,(anonymous_9)
FN:233,(anonymous_10)
FN:250,(anonymous_11)
FN:262,(anonymous_12)
FN:268,(anonymous_13)
FN:293,(anonymous_14)
FN:319,(anonymous_15)
FN:337,(anonymous_16)
FN:358,(anonymous_17)
FN:435,(anonymous_18)
FNF:18
FNH:0
FNDA:0,(anonymous_1)
FNDA:0,(anonymous_2)
FNDA:0,(anonymous_3)
FNDA:0,(anonymous_4)
FNDA:0,(anonymous_5)
FNDA:0,(anonymous_6)
FNDA:0,(anonymous_7)
FNDA:0,(anonymous_8)
FNDA:0,(anonymous_9)
FNDA:0,(anonymous_10)
FNDA:0,(anonymous_11)
FNDA:0,(anonymous_12)
FNDA:0,(anonymous_13)
FNDA:0,(anonymous_14)
FNDA:0,(anonymous_15)
FNDA:0,(anonymous_16)
FNDA:0,(anonymous_17)
FNDA:0,(anonymous_18)
DA:1,2
DA:2,2
DA:3,2
DA:4,2
DA:5,2
DA:13,0
DA:15,0
DA:16,0
DA:19,0
DA:24,0
DA:25,0
DA:26,0
DA:29,0
DA:30,0
DA:31,0
DA:32,0
DA:33,0
DA:34,0
DA:35,0
DA:36,0
DA:37,0
DA:39,0
DA:44,0
DA:47,0
DA:58,0
DA:60,0
DA:65,0
DA:95,0
DA:96,0
DA:97,0
DA:99,0
DA:100,0
DA:101,0
DA:102,0
DA:104,0
DA:120,0
DA:123,0
DA:125,0
DA:143,0
DA:145,0
DA:146,0
DA:147,0
DA:149,0
DA:151,0
DA:157,0
DA:158,0
DA:160,0
DA:162,0
DA:163,0
DA:165,0
DA:168,0
DA:169,0
DA:170,0
DA:173,0
DA:180,0
DA:184,0
DA:186,0
DA:188,0
DA:189,0
DA:190,0
DA:191,0
DA:194,0
DA:195,0
DA:196,0
DA:197,0
DA:198,0
DA:199,0
DA:206,0
DA:208,0
DA:211,0
DA:214,0
DA:215,0
DA:216,0
DA:217,0
DA:218,0
DA:220,0
DA:221,0
DA:226,0
DA:227,0
DA:230,0
DA:234,0
DA:235,0
DA:236,0
DA:239,0
DA:240,0
DA:241,0
DA:242,0
DA:245,0
DA:247,0
DA:251,0
DA:252,0
DA:253,0
DA:255,0
DA:256,0
DA:257,0
DA:263,0
DA:264,0
DA:265,0
DA:269,0
DA:270,0
DA:271,0
DA:272,0
DA:275,0
DA:280,0
DA:282,0
DA:283,0
DA:285,0
DA:290,0
DA:294,0
DA:296,0
DA:308,0
DA:312,0
DA:314,0
DA:320,0
DA:322,0
DA:331,0
DA:336,0
DA:337,0
DA:367,0
DA:372,0
DA:374,0
DA:375,0
DA:376,0
DA:379,0
DA:381,0
DA:383,0
DA:385,0
DA:386,0
DA:388,0
DA:389,0
DA:391,0
DA:392,0
DA:395,0
DA:396,0
DA:397,0
DA:399,0
DA:402,0
DA:403,0
DA:404,0
DA:407,0
DA:408,0
DA:409,0
DA:410,0
DA:413,0
DA:414,0
DA:428,0
DA:437,0
DA:438,0
DA:439,0
DA:440,0
DA:444,2
DA:445,2
LF:152
LH:7
BRDA:11,0,0,0
BRDA:13,1,0,0
BRDA:13,1,1,0
BRDA:15,2,0,0
BRDA:15,2,1,0
BRDA:15,3,0,0
BRDA:15,3,1,0
BRDA:24,4,0,0
BRDA:24,4,1,0
BRDA:25,5,0,0
BRDA:25,5,1,0
BRDA:95,6,0,0
BRDA:95,6,1,0
BRDA:95,7,0,0
BRDA:95,7,1,0
BRDA:96,8,0,0
BRDA:96,8,1,0
BRDA:97,9,0,0
BRDA:97,9,1,0
BRDA:97,10,0,0
BRDA:97,10,1,0
BRDA:99,11,0,0
BRDA:99,11,1,0
BRDA:100,12,0,0
BRDA:100,12,1,0
BRDA:102,13,0,0
BRDA:102,13,1,0
BRDA:107,14,0,0
BRDA:107,14,1,0
BRDA:108,15,0,0
BRDA:108,15,1,0
BRDA:114,16,0,0
BRDA:114,16,1,0
BRDA:117,17,0,0
BRDA:117,17,1,0
BRDA:129,18,0,0
BRDA:130,19,0,0
BRDA:145,20,0,0
BRDA:145,20,1,0
BRDA:146,21,0,0
BRDA:146,21,1,0
BRDA:146,22,0,0
BRDA:146,22,1,0
BRDA:147,23,0,0
BRDA:147,23,1,0
BRDA:147,24,0,0
BRDA:147,24,1,0
BRDA:162,25,0,0
BRDA:162,25,1,0
BRDA:176,26,0,0
BRDA:176,26,1,0
BRDA:186,27,0,0
BRDA:186,27,1,0
BRDA:190,28,0,0
BRDA:190,28,1,0
BRDA:190,29,0,0
BRDA:190,29,1,0
BRDA:190,29,2,0
BRDA:190,29,3,0
BRDA:194,30,0,0
BRDA:194,30,1,0
BRDA:195,31,0,0
BRDA:195,31,1,0
BRDA:198,32,0,0
BRDA:198,32,1,0
BRDA:208,33,0,0
BRDA:208,33,1,0
BRDA:208,34,0,0
BRDA:208,34,1,0
BRDA:220,35,0,0
BRDA:220,35,1,0
BRDA:227,36,0,0
BRDA:227,36,1,0
BRDA:235,37,0,0
BRDA:235,37,1,0
BRDA:236,38,0,0
BRDA:236,38,1,0
BRDA:242,39,0,0
BRDA:242,39,1,0
BRDA:252,40,0,0
BRDA:252,40,1,0
BRDA:253,41,0,0
BRDA:253,41,1,0
BRDA:264,42,0,0
BRDA:264,42,1,0
BRDA:270,43,0,0
BRDA:270,43,1,0
BRDA:271,44,0,0
BRDA:271,44,1,0
BRDA:280,45,0,0
BRDA:280,45,1,0
BRDA:293,46,0,0
BRDA:293,47,0,0
BRDA:319,48,0,0
BRDA:319,49,0,0
BRDA:342,50,0,0
BRDA:342,50,1,0
BRDA:376,51,0,0
BRDA:376,51,1,0
BRDA:376,52,0,0
BRDA:376,52,1,0
BRDA:379,53,0,0
BRDA:379,53,1,0
BRDA:383,54,0,0
BRDA:383,54,1,0
BRDA:383,54,2,0
BRDA:383,54,3,0
BRDA:385,55,0,0
BRDA:385,55,1,0
BRDA:388,56,0,0
BRDA:388,56,1,0
BRDA:395,57,0,0
BRDA:395,57,1,0
BRDA:402,58,0,0
BRDA:402,58,1,0
BRDA:407,59,0,0
BRDA:407,59,1,0
BRDA:407,60,0,0
BRDA:407,60,1,0
BRF:119
BRH:0
end_of_record
TN:
SF:src\services\userServices\user.services.ts
FN:40,resolveProfileActivityBounds
FN:100,(anonymous_2)
FN:137,(anonymous_3)
FN:141,(anonymous_4)
FN:156,(anonymous_5)
FN:186,(anonymous_6)
FN:402,(anonymous_7)
FN:588,(anonymous_8)
FN:631,(anonymous_9)
FN:676,(anonymous_10)
FN:721,(anonymous_11)
FN:736,(anonymous_12)
FN:801,(anonymous_13)
FN:830,(anonymous_14)
FN:870,(anonymous_15)
FN:872,(anonymous_16)
FN:875,(anonymous_17)
FN:1022,(anonymous_18)
FN:1073,(anonymous_19)
FN:1135,(anonymous_20)
FNF:20
FNH:0
FNDA:0,resolveProfileActivityBounds
FNDA:0,(anonymous_2)
FNDA:0,(anonymous_3)
FNDA:0,(anonymous_4)
FNDA:0,(anonymous_5)
FNDA:0,(anonymous_6)
FNDA:0,(anonymous_7)
FNDA:0,(anonymous_8)
FNDA:0,(anonymous_9)
FNDA:0,(anonymous_10)
FNDA:0,(anonymous_11)
FNDA:0,(anonymous_12)
FNDA:0,(anonymous_13)
FNDA:0,(anonymous_14)
FNDA:0,(anonymous_15)
FNDA:0,(anonymous_16)
FNDA:0,(anonymous_17)
FNDA:0,(anonymous_18)
FNDA:0,(anonymous_19)
FNDA:0,(anonymous_20)
DA:1,2
DA:2,2
DA:3,2
DA:4,2
DA:5,2
DA:14,2
DA:15,2
DA:17,2
DA:18,2
DA:19,2
DA:20,2
DA:21,2
DA:22,2
DA:24,2
DA:25,2
DA:26,2
DA:27,2
DA:28,2
DA:29,2
DA:30,2
DA:32,2
DA:34,2
DA:35,2
DA:37,2
DA:45,0
DA:46,0
DA:47,0
DA:48,0
DA:49,0
DA:50,0
DA:51,0
DA:53,0
DA:54,0
DA:56,0
DA:57,0
DA:58,0
DA:59,0
DA:65,0
DA:66,0
DA:67,0
DA:68,0
DA:74,0
DA:75,0
DA:76,0
DA:82,0
DA:83,0
DA:84,0
DA:91,0
DA:92,0
DA:101,0
DA:107,0
DA:109,0
DA:114,0
DA:118,0
DA:135,0
DA:138,0
DA:139,0
DA:142,0
DA:154,0
DA:157,0
DA:184,0
DA:187,0
DA:400,0
DA:403,0
DA:586,0
DA:590,0
DA:629,0
DA:632,0
DA:639,0
DA:644,0
DA:646,0
DA:648,0
DA:649,0
DA:657,0
DA:658,0
DA:660,0
DA:664,0
DA:672,0
DA:673,0
DA:677,0
DA:684,0
DA:689,0
DA:691,0
DA:693,0
DA:694,0
DA:702,0
DA:703,0
DA:705,0
DA:709,0
DA:717,0
DA:718,0
DA:736,0
DA:737,0
DA:738,0
DA:741,0
DA:742,0
DA:743,0
DA:744,0
DA:745,0
DA:746,0
DA:747,0
DA:749,0
DA:757,0
DA:759,0
DA:760,0
DA:761,0
DA:762,0
DA:763,0
DA:764,0
DA:771,0
DA:772,0
DA:773,0
DA:774,0
DA:776,0
DA:777,0
DA:778,0
DA:779,0
DA:780,0
DA:784,0
DA:785,0
DA:786,0
DA:788,0
DA:792,0
DA:793,0
DA:799,0
DA:803,0
DA:805,0
DA:807,0
DA:808,0
DA:810,0
DA:811,0
DA:813,0
DA:814,0
DA:816,0
DA:817,0
DA:819,0
DA:820,0
DA:823,0
DA:824,0
DA:826,0
DA:827,0
DA:839,0
DA:841,0
DA:842,0
DA:847,0
DA:848,0
DA:853,0
DA:854,0
DA:855,0
DA:860,0
DA:861,0
DA:866,0
DA:867,0
DA:871,0
DA:872,0
DA:873,0
DA:874,0
DA:875,0
DA:876,0
DA:878,0
DA:977,0
DA:1017,0
DA:1024,0
DA:1026,0
DA:1027,0
DA:1034,0
DA:1035,0
DA:1042,0
DA:1043,0
DA:1049,0
DA:1050,0
DA:1051,0
DA:1052,0
DA:1057,0
DA:1062,0
DA:1065,0
DA:1070,0
DA:1071,0
DA:1074,0
DA:1081,0
DA:1106,0
DA:1111,0
DA:1112,0
DA:1114,0
DA:1148,0
DA:1149,0
DA:1150,0
DA:1152,0
DA:1153,0
DA:1155,0
DA:1160,0
DA:1161,0
DA:1163,0
DA:1164,0
DA:1167,0
DA:1171,0
DA:1172,0
DA:1175,0
DA:1179,0
DA:1180,0
DA:1183,0
DA:1187,0
DA:1188,0
DA:1191,0
DA:1198,0
DA:1209,2
DA:1210,2
LF:207
LH:26
BRDA:46,0,0,0
BRDA:46,0,1,0
BRDA:47,1,0,0
BRDA:47,1,1,0
BRDA:47,2,0,0
BRDA:47,2,1,0
BRDA:47,2,2,0
BRDA:53,3,0,0
BRDA:53,3,1,0
BRDA:56,4,0,0
BRDA:56,4,1,0
BRDA:66,5,0,0
BRDA:66,5,1,0
BRDA:74,6,0,0
BRDA:74,6,1,0
BRDA:82,7,0,0
BRDA:82,7,1,0
BRDA:107,8,0,0
BRDA:107,8,1,0
BRDA:114,9,0,0
BRDA:114,9,1,0
BRDA:648,10,0,0
BRDA:648,10,1,0
BRDA:657,11,0,0
BRDA:657,11,1,0
BRDA:672,12,0,0
BRDA:672,12,1,0
BRDA:693,13,0,0
BRDA:693,13,1,0
BRDA:702,14,0,0
BRDA:702,14,1,0
BRDA:717,15,0,0
BRDA:717,15,1,0
BRDA:738,16,0,0
BRDA:738,16,1,0
BRDA:759,17,0,0
BRDA:759,17,1,0
BRDA:760,18,0,0
BRDA:760,18,1,0
BRDA:761,19,0,0
BRDA:761,19,1,0
BRDA:762,20,0,0
BRDA:762,20,1,0
BRDA:771,21,0,0
BRDA:771,21,1,0
BRDA:772,22,0,0
BRDA:772,22,1,0
BRDA:773,23,0,0
BRDA:773,23,1,0
BRDA:774,24,0,0
BRDA:774,24,1,0
BRDA:776,25,0,0
BRDA:776,25,1,0
BRDA:779,26,0,0
BRDA:779,26,1,0
BRDA:784,27,0,0
BRDA:784,27,1,0
BRDA:785,28,0,0
BRDA:785,28,1,0
BRDA:786,29,0,0
BRDA:786,29,1,0
BRDA:792,30,0,0
BRDA:792,30,1,0
BRDA:803,31,0,0
BRDA:803,31,1,0
BRDA:807,32,0,0
BRDA:807,32,1,0
BRDA:810,33,0,0
BRDA:810,33,1,0
BRDA:813,34,0,0
BRDA:813,34,1,0
BRDA:816,35,0,0
BRDA:816,35,1,0
BRDA:819,36,0,0
BRDA:819,36,1,0
BRDA:826,37,0,0
BRDA:826,37,1,0
BRDA:841,38,0,0
BRDA:841,38,1,0
BRDA:847,39,0,0
BRDA:847,39,1,0
BRDA:854,40,0,0
BRDA:854,40,1,0
BRDA:866,41,0,0
BRDA:866,41,1,0
BRDA:1026,42,0,0
BRDA:1026,42,1,0
BRDA:1034,43,0,0
BRDA:1034,43,1,0
BRDA:1042,44,0,0
BRDA:1042,44,1,0
BRDA:1042,45,0,0
BRDA:1042,45,1,0
BRDA:1042,45,2,0
BRDA:1051,46,0,0
BRDA:1051,46,1,0
BRDA:1111,47,0,0
BRDA:1111,47,1,0
BRDA:1112,48,0,0
BRDA:1112,48,1,0
BRDA:1138,49,0,0
BRDA:1148,50,0,0
BRDA:1148,50,1,0
BRDA:1148,51,0,0
BRDA:1148,51,1,0
BRDA:1148,52,0,0
BRDA:1148,52,1,0
BRDA:1149,53,0,0
BRDA:1149,53,1,0
BRDA:1160,54,0,0
BRDA:1160,54,1,0
BRDA:1163,55,0,0
BRDA:1163,55,1,0
BRDA:1163,56,0,0
BRDA:1163,56,1,0
BRDA:1171,57,0,0
BRDA:1171,57,1,0
BRDA:1171,58,0,0
BRDA:1171,58,1,0
BRDA:1179,59,0,0
BRDA:1179,59,1,0
BRDA:1179,60,0,0
BRDA:1179,60,1,0
BRDA:1187,61,0,0
BRDA:1187,61,1,0
BRDA:1187,62,0,0
BRDA:1187,62,1,0
BRF:127
BRH:0
end_of_record
TN:
SF:src\services\userServices\workoutSchedule.services.ts
FN:13,(anonymous_1)
FN:36,(anonymous_2)
FN:50,(anonymous_3)
FN:58,(anonymous_4)
FN:83,(anonymous_5)
FN:138,(anonymous_6)
FN:155,(anonymous_7)
FN:164,(anonymous_8)
FN:170,(anonymous_9)
FN:181,(anonymous_10)
FN:287,(anonymous_11)
FN:357,(anonymous_12)
FNF:12
FNH:0
FNDA:0,(anonymous_1)
FNDA:0,(anonymous_2)
FNDA:0,(anonymous_3)
FNDA:0,(anonymous_4)
FNDA:0,(anonymous_5)
FNDA:0,(anonymous_6)
FNDA:0,(anonymous_7)
FNDA:0,(anonymous_8)
FNDA:0,(anonymous_9)
FNDA:0,(anonymous_10)
FNDA:0,(anonymous_11)
FNDA:0,(anonymous_12)
DA:1,2
DA:2,2
DA:8,2
DA:9,2
DA:10,2
DA:21,0
DA:22,0
DA:23,0
DA:25,0
DA:34,0
DA:37,0
DA:38,0
DA:48,0
DA:52,0
DA:55,0
DA:56,0
DA:60,0
DA:61,0
DA:62,0
DA:64,0
DA:75,0
DA:82,0
DA:83,0
DA:84,0
DA:86,0
DA:90,0
DA:91,0
DA:104,0
DA:118,0
DA:120,0
DA:121,0
DA:123,0
DA:124,0
DA:125,0
DA:139,0
DA:140,0
DA:141,0
DA:146,0
DA:147,0
DA:148,0
DA:156,0
DA:161,0
DA:166,0
DA:168,0
DA:170,0
DA:171,0
DA:173,0
DA:175,0
DA:177,0
DA:190,0
DA:191,0
DA:192,0
DA:261,0
DA:278,0
DA:279,0
DA:289,0
DA:291,0
DA:292,0
DA:293,0
DA:294,0
DA:299,0
DA:317,0
DA:321,0
DA:323,0
DA:324,0
DA:325,0
DA:326,0
DA:338,0
DA:352,0
DA:354,0
DA:366,0
DA:367,0
DA:368,0
DA:369,0
DA:370,0
DA:378,0
DA:382,0
DA:403,0
DA:405,0
DA:406,0
DA:409,0
DA:410,0
DA:423,0
DA:431,0
DA:435,2
DA:436,2
LF:86
LH:7
BRDA:62,0,0,0
BRDA:62,0,1,0
BRDA:62,1,0,0
BRDA:62,1,1,0
BRDA:121,2,0,0
BRDA:121,2,1,0
BRDA:123,3,0,0
BRDA:123,3,1,0
BRDA:139,4,0,0
BRDA:139,4,1,0
BRDA:140,5,0,0
BRDA:140,5,1,0
BRDA:168,6,0,0
BRDA:168,6,1,0
BRDA:190,7,0,0
BRDA:190,7,1,0
BRDA:191,8,0,0
BRDA:191,8,1,0
BRDA:323,9,0,0
BRDA:323,9,1,0
BRDA:369,10,0,0
BRDA:369,10,1,0
BRDA:405,11,0,0
BRDA:405,11,1,0
BRDA:406,12,0,0
BRDA:406,12,1,0
BRF:26
BRH:0
end_of_record
TN:
SF:src\utils\challengeDeleteGuard.utils.ts
FN:6,challengeHasStartedForDelete
FNF:1
FNH:0
FNDA:0,challengeHasStartedForDelete
DA:6,2
DA:10,0
DA:11,0
DA:12,0
DA:13,0
DA:15,0
DA:16,0
DA:17,0
DA:19,0
LF:9
LH:1
BRDA:10,0,0,0
BRDA:10,0,1,0
BRDA:12,1,0,0
BRDA:12,1,1,0
BRDA:15,2,0,0
BRDA:15,2,1,0
BRDA:17,3,0,0
BRDA:17,3,1,0
BRDA:17,4,0,0
BRDA:17,4,1,0
BRF:10
BRH:0
end_of_record
TN:
SF:src\utils\common.ts
FN:10,(anonymous_1)
FNF:1
FNH:1
FNDA:3,(anonymous_1)
DA:1,3
DA:2,3
DA:3,3
DA:4,3
DA:6,3
DA:8,3
DA:10,3
DA:11,3
DA:12,1
DA:17,2
DA:18,2
DA:22,1
DA:23,0
DA:24,0
DA:26,1
DA:28,1
LF:16
LH:14
BRDA:11,0,0,1
BRDA:11,0,1,2
BRDA:22,1,0,0
BRDA:22,1,1,1
BRF:4
BRH:3
end_of_record
TN:
SF:src\utils\convert.ts
FN:1,(anonymous_0)
FN:5,(anonymous_1)
FNF:2
FNH:0
FNDA:0,(anonymous_0)
FNDA:0,(anonymous_1)
DA:1,3
DA:2,0
DA:5,3
DA:6,0
LF:4
LH:2
BRF:0
BRH:0
end_of_record
TN:
SF:src\utils\crypto.ts
FN:3,(anonymous_1)
FN:9,(anonymous_2)
FNF:2
FNH:2
FNDA:6,(anonymous_1)
FNDA:1,(anonymous_2)
DA:1,4
DA:3,4
DA:4,6
DA:5,6
DA:6,6
DA:9,4
DA:10,1
LF:7
LH:7
BRF:0
BRH:0
end_of_record
TN:
SF:src\utils\emailMailer.ts
FN:16,(anonymous_7)
FN:39,(anonymous_8)
FN:54,(anonymous_9)
FN:72,(anonymous_10)
FNF:4
FNH:2
FNDA:1,(anonymous_7)
FNDA:1,(anonymous_8)
FNDA:0,(anonymous_9)
FNDA:0,(anonymous_10)
DA:1,3
DA:2,3
DA:3,3
DA:4,3
DA:6,3
DA:7,3
DA:9,3
DA:10,3
DA:12,3
DA:14,3
DA:16,3
DA:18,1
DA:28,1
DA:36,1
DA:39,3
DA:44,1
DA:54,3
DA:59,0
DA:72,3
DA:77,0
LF:20
LH:18
BRDA:42,0,0,1
BRDA:57,1,0,0
BRDA:75,2,0,0
BRF:3
BRH:1
end_of_record
TN:
SF:src\utils\error.ts
FN:14,(anonymous_1)
FN:24,(anonymous_2)
FNF:2
FNH:2
FNDA:5,(anonymous_1)
FNDA:2,(anonymous_2)
DA:1,6
DA:2,6
DA:11,6
DA:15,5
DA:16,5
DA:17,5
DA:18,5
DA:22,6
DA:25,2
DA:26,2
DA:27,2
LF:11
LH:11
BRDA:24,0,0,2
BRF:1
BRH:1
end_of_record
TN:
SF:src\utils\exerciseTiming.utils.ts
FN:2,withExerciseTimingDefaults
FN:18,mapExercisesTimingDefaults
FN:19,(anonymous_2)
FNF:3
FNH:0
FNDA:0,withExerciseTimingDefaults
FNDA:0,mapExercisesTimingDefaults
FNDA:0,(anonymous_2)
DA:2,2
DA:3,0
DA:5,0
DA:8,0
DA:9,0
DA:10,0
DA:18,2
DA:19,0
LF:8
LH:2
BRDA:5,0,0,0
BRDA:5,0,1,0
BRDA:5,1,0,0
BRDA:5,1,1,0
BRDA:13,2,0,0
BRDA:13,2,1,0
BRDA:13,3,0,0
BRDA:13,3,1,0
BRDA:13,3,2,0
BRDA:14,4,0,0
BRDA:14,4,1,0
BRDA:14,5,0,0
BRDA:14,5,1,0
BRDA:14,5,2,0
BRF:14
BRH:0
end_of_record
TN:
SF:src\utils\handler.ts
FN:3,(anonymous_0)
FN:4,(anonymous_1)
FNF:2
FNH:2
FNDA:748,(anonymous_0)
FNDA:1,(anonymous_1)
DA:3,2
DA:4,748
DA:5,1
DA:6,1
DA:8,0
LF:5
LH:4
BRF:0
BRH:0
end_of_record
TN:
SF:src\utils\jwt.ts
FN:4,(anonymous_1)
FN:15,(anonymous_2)
FN:16,(anonymous_3)
FN:25,(anonymous_4)
FN:26,(anonymous_5)
FN:27,(anonymous_6)
FNF:6
FNH:6
FNDA:6,(anonymous_1)
FNDA:6,(anonymous_2)
FNDA:6,(anonymous_3)
FNDA:8,(anonymous_4)
FNDA:8,(anonymous_5)
FNDA:8,(anonymous_6)
DA:1,4
DA:4,4
DA:15,6
DA:16,6
DA:17,6
DA:18,0
DA:20,6
DA:25,4
DA:26,8
DA:27,8
DA:28,8
DA:29,1
DA:31,7
LF:13
LH:12
BRDA:7,0,0,0
BRDA:17,1,0,0
BRDA:17,1,1,6
BRDA:28,2,0,1
BRDA:28,2,1,7
BRF:5
BRH:3
end_of_record
TN:
SF:src\utils\math.utils.ts
FN:1,(anonymous_0)
FNF:1
FNH:0
FNDA:0,(anonymous_0)
DA:1,2
DA:2,0
DA:3,0
LF:3
LH:1
BRDA:2,0,0,0
BRDA:2,0,1,0
BRDA:2,1,0,0
BRDA:2,1,1,0
BRF:4
BRH:0
end_of_record
TN:
SF:src\utils\multer.ts
FN:8,(anonymous_1)
FNF:1
FNH:0
FNDA:0,(anonymous_1)
DA:1,2
DA:3,2
DA:9,0
DA:10,0
DA:12,0
DA:17,2
LF:6
LH:3
BRDA:9,0,0,0
BRDA:9,0,1,0
BRDA:9,1,0,0
BRDA:9,1,1,0
BRDA:9,1,2,0
BRDA:9,1,3,0
BRF:6
BRH:0
end_of_record
TN:
SF:src\utils\s3.ts
FN:16,(anonymous_1)
FN:25,(anonymous_2)
FN:40,(anonymous_3)
FN:62,(anonymous_4)
FNF:4
FNH:0
FNDA:0,(anonymous_1)
FNDA:0,(anonymous_2)
FNDA:0,(anonymous_3)
FNDA:0,(anonymous_4)
DA:1,2
DA:2,2
DA:5,2
DA:16,2
DA:25,0
DA:27,0
DA:28,0
DA:29,0
DA:32,0
DA:34,0
DA:41,0
DA:42,0
DA:44,0
DA:53,0
DA:54,0
DA:62,2
DA:63,0
DA:65,0
DA:66,0
DA:68,0
LF:20
LH:5
BRDA:28,0,0,0
BRDA:28,0,1,0
BRDA:29,1,0,0
BRDA:29,1,1,0
BRDA:41,2,0,0
BRDA:41,2,1,0
BRDA:41,3,0,0
BRDA:41,3,1,0
BRDA:42,4,0,0
BRDA:42,4,1,0
BRDA:47,5,0,0
BRDA:47,5,1,0
BRDA:53,6,0,0
BRDA:53,6,1,0
BRF:14
BRH:0
end_of_record
TN:
SF:src\utils\socket.ts
FN:7,(anonymous_0)
FN:26,(anonymous_1)
FN:44,(anonymous_2)
FN:55,(anonymous_3)
FN:83,(anonymous_4)
FN:109,(anonymous_5)
FN:135,(anonymous_6)
FN:161,(anonymous_7)
FN:187,(anonymous_8)
FN:192,(anonymous_9)
FN:204,(anonymous_10)
FN:222,(anonymous_11)
FN:238,(anonymous_12)
FN:245,(anonymous_13)
FN:257,(anonymous_14)
FN:262,(anonymous_15)
FN:267,(anonymous_16)
FNF:17
FNH:1
FNDA:2,(anonymous_0)
FNDA:0,(anonymous_1)
FNDA:0,(anonymous_2)
FNDA:0,(anonymous_3)
FNDA:0,(anonymous_4)
FNDA:0,(anonymous_5)
FNDA:0,(anonymous_6)
FNDA:0,(anonymous_7)
FNDA:0,(anonymous_8)
FNDA:0,(anonymous_9)
FNDA:0,(anonymous_10)
FNDA:0,(anonymous_11)
FNDA:0,(anonymous_12)
FNDA:0,(anonymous_13)
FNDA:0,(anonymous_14)
FNDA:0,(anonymous_15)
FNDA:0,(anonymous_16)
DA:1,2
DA:4,2
DA:7,2
DA:8,2
DA:19,2
DA:24,2
DA:26,2
DA:27,0
DA:28,0
DA:29,0
DA:30,0
DA:31,0
DA:32,0
DA:34,0
DA:35,0
DA:37,0
DA:44,2
DA:45,0
DA:46,0
DA:47,0
DA:48,0
DA:50,0
DA:53,0
DA:55,0
DA:56,0
DA:59,0
DA:60,0
DA:62,0
DA:67,0
DA:68,0
DA:69,0
DA:72,0
DA:73,0
DA:75,0
DA:83,0
DA:84,0
DA:86,0
DA:87,0
DA:90,0
DA:92,0
DA:93,0
DA:94,0
DA:97,0
DA:98,0
DA:101,0
DA:109,0
DA:110,0
DA:112,0
DA:113,0
DA:116,0
DA:118,0
DA:119,0
DA:120,0
DA:123,0
DA:124,0
DA:127,0
DA:135,0
DA:136,0
DA:138,0
DA:139,0
DA:142,0
DA:144,0
DA:145,0
DA:146,0
DA:149,0
DA:150,0
DA:153,0
DA:161,0
DA:162,0
DA:164,0
DA:165,0
DA:168,0
DA:170,0
DA:171,0
DA:172,0
DA:175,0
DA:176,0
DA:179,0
DA:187,0
DA:188,0
DA:189,0
DA:192,0
DA:193,0
DA:194,0
DA:204,0
DA:205,0
DA:208,0
DA:211,0
DA:219,0
DA:220,0
DA:221,0
DA:222,0
DA:223,0
DA:224,0
DA:233,0
DA:234,0
DA:238,0
DA:239,0
DA:240,0
DA:241,0
DA:245,0
DA:246,0
DA:247,0
DA:257,0
DA:258,0
DA:262,0
DA:263,0
DA:267,0
DA:268,0
DA:273,2
LF:110
LH:9
BRDA:47,0,0,0
BRDA:47,0,1,0
BRDA:59,1,0,0
BRDA:59,1,1,0
BRDA:67,2,0,0
BRDA:67,2,1,0
BRDA:72,3,0,0
BRDA:72,3,1,0
BRDA:86,4,0,0
BRDA:86,4,1,0
BRDA:92,5,0,0
BRDA:92,5,1,0
BRDA:97,6,0,0
BRDA:97,6,1,0
BRDA:112,7,0,0
BRDA:112,7,1,0
BRDA:118,8,0,0
BRDA:118,8,1,0
BRDA:123,9,0,0
BRDA:123,9,1,0
BRDA:138,10,0,0
BRDA:138,10,1,0
BRDA:144,11,0,0
BRDA:144,11,1,0
BRDA:149,12,0,0
BRDA:149,12,1,0
BRDA:164,13,0,0
BRDA:164,13,1,0
BRDA:170,14,0,0
BRDA:170,14,1,0
BRDA:175,15,0,0
BRDA:175,15,1,0
BRDA:193,16,0,0
BRDA:193,16,1,0
BRDA:221,17,0,0
BRDA:221,17,1,0
BRDA:223,18,0,0
BRDA:223,18,1,0
BRDA:223,19,0,0
BRDA:223,19,1,0
BRDA:251,20,0,0
BRDA:251,20,1,0
BRDA:252,21,0,0
BRDA:252,21,1,0
BRF:44
BRH:0
end_of_record
TN:
SF:src\utils\sportEventDeleteGuard.utils.ts
FN:5,sportEventHasStartedForDelete
FNF:1
FNH:0
FNDA:0,sportEventHasStartedForDelete
DA:5,2
DA:9,0
DA:10,0
DA:11,0
DA:12,0
DA:14,0
DA:15,0
DA:16,0
DA:18,0
LF:9
LH:1
BRDA:9,0,0,0
BRDA:9,0,1,0
BRDA:11,1,0,0
BRDA:11,1,1,0
BRDA:14,2,0,0
BRDA:14,2,1,0
BRDA:16,3,0,0
BRDA:16,3,1,0
BRDA:16,4,0,0
BRDA:16,4,1,0
BRF:10
BRH:0
end_of_record
TN:
SF:src\utils\trainingDateRange.utils.ts
FN:4,buildTrainingCreatedAtFilter
FNF:1
FNH:0
FNDA:0,buildTrainingCreatedAtFilter
DA:4,2
DA:9,0
DA:10,0
DA:11,0
DA:12,0
DA:13,0
DA:14,0
DA:17,0
DA:18,0
DA:21,0
DA:22,0
DA:23,0
DA:24,0
DA:25,0
DA:26,0
DA:27,0
DA:29,0
DA:30,0
DA:31,0
DA:32,0
DA:33,0
DA:34,0
DA:36,0
DA:39,0
LF:24
LH:1
BRDA:9,0,0,0
BRDA:9,0,1,0
BRDA:9,1,0,0
BRDA:9,1,1,0
BRDA:17,2,0,0
BRDA:17,2,1,0
BRDA:17,3,0,0
BRDA:17,3,1,0
BRDA:22,4,0,0
BRDA:22,4,1,0
BRDA:23,5,0,0
BRDA:23,5,1,0
BRDA:29,6,0,0
BRDA:29,6,1,0
BRDA:31,7,0,0
BRDA:31,7,1,0
BRDA:33,8,0,0
BRDA:33,8,1,0
BRF:18
BRH:0
end_of_record
TN:
SF:src\utils\validation.ts
FN:6,(anonymous_1)
FN:7,(anonymous_2)
FNF:2
FNH:2
FNDA:66,(anonymous_1)
FNDA:4,(anonymous_2)
DA:2,3
DA:3,3
DA:4,3
DA:6,3
DA:7,66
DA:8,4
DA:9,4
DA:10,4
DA:11,2
DA:13,2
DA:14,2
DA:15,2
DA:16,2
DA:18,2
DA:19,0
DA:21,2
DA:23,2
LF:17
LH:16
BRDA:10,0,0,2
BRDA:10,0,1,2
BRDA:18,1,0,0
BRDA:18,1,1,2
BRDA:18,2,0,2
BRDA:18,2,1,0
BRF:6
BRH:4
end_of_record
